{"/home/redfoxfinn/Projects/rff-project/backend/graphql/gql_resolvers.js": {"path":"/home/redfoxfinn/Projects/rff-project/backend/graphql/gql_resolvers.js","statementMap":{"0":{"start":{"line":4,"column":15},"end":{"line":4,"column":44}},"1":{"start":{"line":5,"column":56},"end":{"line":5,"column":88}},"2":{"start":{"line":6,"column":15},"end":{"line":6,"column":32}},"3":{"start":{"line":7,"column":12},"end":{"line":7,"column":35}},"4":{"start":{"line":8,"column":15},"end":{"line":8,"column":27}},"5":{"start":{"line":11,"column":53},"end":{"line":11,"column":87}},"6":{"start":{"line":16,"column":19},"end":{"line":16,"column":79}},"7":{"start":{"line":19,"column":19},"end":{"line":99,"column":1}},"8":{"start":{"line":20,"column":17},"end":{"line":20,"column":57}},"9":{"start":{"line":21,"column":2},"end":{"line":98,"column":3}},"10":{"start":{"line":24,"column":4},"end":{"line":29,"column":6}},"11":{"start":{"line":25,"column":6},"end":{"line":28,"column":52}},"12":{"start":{"line":25,"column":27},"end":{"line":25,"column":47}},"13":{"start":{"line":26,"column":38},"end":{"line":26,"column":60}},"14":{"start":{"line":27,"column":32},"end":{"line":27,"column":55}},"15":{"start":{"line":28,"column":30},"end":{"line":28,"column":51}},"16":{"start":{"line":32,"column":4},"end":{"line":36,"column":6}},"17":{"start":{"line":33,"column":6},"end":{"line":35,"column":56}},"18":{"start":{"line":33,"column":27},"end":{"line":33,"column":47}},"19":{"start":{"line":34,"column":38},"end":{"line":34,"column":60}},"20":{"start":{"line":35,"column":32},"end":{"line":35,"column":55}},"21":{"start":{"line":38,"column":4},"end":{"line":42,"column":6}},"22":{"start":{"line":39,"column":6},"end":{"line":41,"column":52}},"23":{"start":{"line":39,"column":27},"end":{"line":39,"column":47}},"24":{"start":{"line":40,"column":38},"end":{"line":40,"column":60}},"25":{"start":{"line":41,"column":30},"end":{"line":41,"column":51}},"26":{"start":{"line":44,"column":4},"end":{"line":48,"column":6}},"27":{"start":{"line":45,"column":6},"end":{"line":47,"column":52}},"28":{"start":{"line":45,"column":27},"end":{"line":45,"column":47}},"29":{"start":{"line":46,"column":32},"end":{"line":46,"column":55}},"30":{"start":{"line":47,"column":30},"end":{"line":47,"column":51}},"31":{"start":{"line":50,"column":4},"end":{"line":54,"column":6}},"32":{"start":{"line":51,"column":6},"end":{"line":53,"column":52}},"33":{"start":{"line":51,"column":36},"end":{"line":51,"column":58}},"34":{"start":{"line":52,"column":32},"end":{"line":52,"column":55}},"35":{"start":{"line":53,"column":30},"end":{"line":53,"column":51}},"36":{"start":{"line":57,"column":4},"end":{"line":60,"column":6}},"37":{"start":{"line":58,"column":6},"end":{"line":59,"column":61}},"38":{"start":{"line":58,"column":27},"end":{"line":58,"column":47}},"39":{"start":{"line":59,"column":38},"end":{"line":59,"column":60}},"40":{"start":{"line":62,"column":4},"end":{"line":65,"column":6}},"41":{"start":{"line":63,"column":6},"end":{"line":64,"column":56}},"42":{"start":{"line":63,"column":27},"end":{"line":63,"column":47}},"43":{"start":{"line":64,"column":32},"end":{"line":64,"column":55}},"44":{"start":{"line":67,"column":4},"end":{"line":70,"column":6}},"45":{"start":{"line":68,"column":6},"end":{"line":69,"column":52}},"46":{"start":{"line":68,"column":27},"end":{"line":68,"column":47}},"47":{"start":{"line":69,"column":30},"end":{"line":69,"column":51}},"48":{"start":{"line":72,"column":4},"end":{"line":75,"column":6}},"49":{"start":{"line":73,"column":6},"end":{"line":74,"column":56}},"50":{"start":{"line":73,"column":36},"end":{"line":73,"column":58}},"51":{"start":{"line":74,"column":32},"end":{"line":74,"column":55}},"52":{"start":{"line":77,"column":4},"end":{"line":80,"column":6}},"53":{"start":{"line":78,"column":6},"end":{"line":79,"column":52}},"54":{"start":{"line":78,"column":36},"end":{"line":78,"column":58}},"55":{"start":{"line":79,"column":30},"end":{"line":79,"column":51}},"56":{"start":{"line":82,"column":4},"end":{"line":85,"column":6}},"57":{"start":{"line":83,"column":6},"end":{"line":84,"column":52}},"58":{"start":{"line":83,"column":30},"end":{"line":83,"column":53}},"59":{"start":{"line":84,"column":30},"end":{"line":84,"column":51}},"60":{"start":{"line":88,"column":4},"end":{"line":88,"column":77}},"61":{"start":{"line":88,"column":33},"end":{"line":88,"column":75}},"62":{"start":{"line":88,"column":54},"end":{"line":88,"column":74}},"63":{"start":{"line":90,"column":4},"end":{"line":90,"column":88}},"64":{"start":{"line":90,"column":33},"end":{"line":90,"column":86}},"65":{"start":{"line":90,"column":63},"end":{"line":90,"column":85}},"66":{"start":{"line":92,"column":4},"end":{"line":92,"column":83}},"67":{"start":{"line":92,"column":33},"end":{"line":92,"column":81}},"68":{"start":{"line":92,"column":57},"end":{"line":92,"column":80}},"69":{"start":{"line":94,"column":4},"end":{"line":94,"column":79}},"70":{"start":{"line":94,"column":33},"end":{"line":94,"column":77}},"71":{"start":{"line":94,"column":55},"end":{"line":94,"column":76}},"72":{"start":{"line":97,"column":4},"end":{"line":97,"column":18}},"73":{"start":{"line":102,"column":18},"end":{"line":110,"column":1}},"74":{"start":{"line":104,"column":2},"end":{"line":104,"column":92}},"75":{"start":{"line":104,"column":21},"end":{"line":104,"column":92}},"76":{"start":{"line":105,"column":2},"end":{"line":105,"column":86}},"77":{"start":{"line":105,"column":19},"end":{"line":105,"column":86}},"78":{"start":{"line":106,"column":2},"end":{"line":106,"column":80}},"79":{"start":{"line":106,"column":17},"end":{"line":106,"column":80}},"80":{"start":{"line":107,"column":2},"end":{"line":107,"column":84}},"81":{"start":{"line":107,"column":18},"end":{"line":107,"column":84}},"82":{"start":{"line":109,"column":2},"end":{"line":109,"column":48}},"83":{"start":{"line":113,"column":19},"end":{"line":134,"column":1}},"84":{"start":{"line":115,"column":2},"end":{"line":133,"column":3}},"85":{"start":{"line":117,"column":4},"end":{"line":117,"column":54}},"86":{"start":{"line":118,"column":4},"end":{"line":118,"column":18}},"87":{"start":{"line":120,"column":4},"end":{"line":124,"column":27}},"88":{"start":{"line":125,"column":4},"end":{"line":125,"column":18}},"89":{"start":{"line":127,"column":4},"end":{"line":131,"column":27}},"90":{"start":{"line":132,"column":4},"end":{"line":132,"column":18}},"91":{"start":{"line":137,"column":19},"end":{"line":146,"column":1}},"92":{"start":{"line":138,"column":2},"end":{"line":145,"column":3}},"93":{"start":{"line":139,"column":4},"end":{"line":139,"column":50}},"94":{"start":{"line":141,"column":19},"end":{"line":141,"column":46}},"95":{"start":{"line":141,"column":40},"end":{"line":141,"column":45}},"96":{"start":{"line":142,"column":21},"end":{"line":142,"column":92}},"97":{"start":{"line":143,"column":19},"end":{"line":143,"column":80}},"98":{"start":{"line":144,"column":4},"end":{"line":144,"column":29}},"99":{"start":{"line":149,"column":19},"end":{"line":167,"column":1}},"100":{"start":{"line":150,"column":14},"end":{"line":150,"column":15}},"101":{"start":{"line":151,"column":2},"end":{"line":151,"column":56}},"102":{"start":{"line":151,"column":16},"end":{"line":151,"column":56}},"103":{"start":{"line":152,"column":2},"end":{"line":157,"column":3}},"104":{"start":{"line":153,"column":18},"end":{"line":153,"column":64}},"105":{"start":{"line":154,"column":4},"end":{"line":156,"column":5}},"106":{"start":{"line":154,"column":17},"end":{"line":154,"column":18}},"107":{"start":{"line":155,"column":6},"end":{"line":155,"column":85}},"108":{"start":{"line":158,"column":2},"end":{"line":165,"column":3}},"109":{"start":{"line":159,"column":4},"end":{"line":164,"column":5}},"110":{"start":{"line":159,"column":17},"end":{"line":159,"column":18}},"111":{"start":{"line":160,"column":20},"end":{"line":160,"column":69}},"112":{"start":{"line":161,"column":6},"end":{"line":163,"column":7}},"113":{"start":{"line":161,"column":19},"end":{"line":161,"column":20}},"114":{"start":{"line":162,"column":8},"end":{"line":162,"column":87}},"115":{"start":{"line":166,"column":2},"end":{"line":166,"column":15}},"116":{"start":{"line":170,"column":18},"end":{"line":172,"column":1}},"117":{"start":{"line":171,"column":2},"end":{"line":171,"column":65}},"118":{"start":{"line":175,"column":20},"end":{"line":264,"column":1}},"119":{"start":{"line":176,"column":2},"end":{"line":263,"column":3}},"120":{"start":{"line":177,"column":4},"end":{"line":208,"column":5}},"121":{"start":{"line":179,"column":8},"end":{"line":183,"column":9}},"122":{"start":{"line":179,"column":20},"end":{"line":179,"column":21}},"123":{"start":{"line":180,"column":23},"end":{"line":180,"column":56}},"124":{"start":{"line":181,"column":10},"end":{"line":181,"column":45}},"125":{"start":{"line":182,"column":10},"end":{"line":182,"column":28}},"126":{"start":{"line":184,"column":8},"end":{"line":184,"column":14}},"127":{"start":{"line":186,"column":8},"end":{"line":190,"column":9}},"128":{"start":{"line":186,"column":20},"end":{"line":186,"column":21}},"129":{"start":{"line":187,"column":25},"end":{"line":187,"column":61}},"130":{"start":{"line":188,"column":10},"end":{"line":188,"column":49}},"131":{"start":{"line":189,"column":10},"end":{"line":189,"column":30}},"132":{"start":{"line":191,"column":8},"end":{"line":191,"column":14}},"133":{"start":{"line":193,"column":8},"end":{"line":197,"column":9}},"134":{"start":{"line":193,"column":20},"end":{"line":193,"column":21}},"135":{"start":{"line":194,"column":26},"end":{"line":194,"column":59}},"136":{"start":{"line":195,"column":10},"end":{"line":195,"column":51}},"137":{"start":{"line":196,"column":10},"end":{"line":196,"column":31}},"138":{"start":{"line":198,"column":8},"end":{"line":198,"column":14}},"139":{"start":{"line":200,"column":8},"end":{"line":204,"column":9}},"140":{"start":{"line":200,"column":20},"end":{"line":200,"column":21}},"141":{"start":{"line":201,"column":24},"end":{"line":201,"column":57}},"142":{"start":{"line":202,"column":10},"end":{"line":202,"column":47}},"143":{"start":{"line":203,"column":10},"end":{"line":203,"column":29}},"144":{"start":{"line":205,"column":8},"end":{"line":205,"column":14}},"145":{"start":{"line":207,"column":8},"end":{"line":207,"column":14}},"146":{"start":{"line":209,"column":9},"end":{"line":263,"column":3}},"147":{"start":{"line":210,"column":4},"end":{"line":225,"column":5}},"148":{"start":{"line":212,"column":8},"end":{"line":212,"column":42}},"149":{"start":{"line":213,"column":8},"end":{"line":213,"column":14}},"150":{"start":{"line":215,"column":8},"end":{"line":215,"column":44}},"151":{"start":{"line":216,"column":8},"end":{"line":216,"column":14}},"152":{"start":{"line":218,"column":8},"end":{"line":218,"column":45}},"153":{"start":{"line":219,"column":8},"end":{"line":219,"column":14}},"154":{"start":{"line":221,"column":8},"end":{"line":221,"column":43}},"155":{"start":{"line":222,"column":8},"end":{"line":222,"column":14}},"156":{"start":{"line":224,"column":8},"end":{"line":224,"column":14}},"157":{"start":{"line":227,"column":4},"end":{"line":262,"column":5}},"158":{"start":{"line":229,"column":8},"end":{"line":229,"column":42}},"159":{"start":{"line":230,"column":8},"end":{"line":234,"column":9}},"160":{"start":{"line":230,"column":20},"end":{"line":230,"column":21}},"161":{"start":{"line":231,"column":23},"end":{"line":231,"column":56}},"162":{"start":{"line":232,"column":10},"end":{"line":232,"column":45}},"163":{"start":{"line":233,"column":10},"end":{"line":233,"column":28}},"164":{"start":{"line":235,"column":8},"end":{"line":235,"column":14}},"165":{"start":{"line":237,"column":8},"end":{"line":237,"column":44}},"166":{"start":{"line":238,"column":8},"end":{"line":242,"column":9}},"167":{"start":{"line":238,"column":20},"end":{"line":238,"column":21}},"168":{"start":{"line":239,"column":25},"end":{"line":239,"column":61}},"169":{"start":{"line":240,"column":10},"end":{"line":240,"column":49}},"170":{"start":{"line":241,"column":10},"end":{"line":241,"column":30}},"171":{"start":{"line":243,"column":8},"end":{"line":243,"column":14}},"172":{"start":{"line":245,"column":8},"end":{"line":245,"column":45}},"173":{"start":{"line":246,"column":8},"end":{"line":250,"column":9}},"174":{"start":{"line":246,"column":20},"end":{"line":246,"column":21}},"175":{"start":{"line":247,"column":26},"end":{"line":247,"column":59}},"176":{"start":{"line":248,"column":10},"end":{"line":248,"column":51}},"177":{"start":{"line":249,"column":10},"end":{"line":249,"column":31}},"178":{"start":{"line":251,"column":8},"end":{"line":251,"column":14}},"179":{"start":{"line":253,"column":8},"end":{"line":253,"column":43}},"180":{"start":{"line":254,"column":8},"end":{"line":258,"column":9}},"181":{"start":{"line":254,"column":20},"end":{"line":254,"column":21}},"182":{"start":{"line":255,"column":24},"end":{"line":255,"column":57}},"183":{"start":{"line":256,"column":10},"end":{"line":256,"column":47}},"184":{"start":{"line":257,"column":10},"end":{"line":257,"column":29}},"185":{"start":{"line":259,"column":8},"end":{"line":259,"column":14}},"186":{"start":{"line":261,"column":8},"end":{"line":261,"column":14}},"187":{"start":{"line":265,"column":20},"end":{"line":307,"column":1}},"188":{"start":{"line":267,"column":2},"end":{"line":306,"column":3}},"189":{"start":{"line":269,"column":4},"end":{"line":269,"column":50}},"190":{"start":{"line":270,"column":4},"end":{"line":275,"column":7}},"191":{"start":{"line":271,"column":6},"end":{"line":273,"column":9}},"192":{"start":{"line":272,"column":8},"end":{"line":272,"column":28}},"193":{"start":{"line":274,"column":6},"end":{"line":274,"column":15}},"194":{"start":{"line":276,"column":4},"end":{"line":276,"column":10}},"195":{"start":{"line":278,"column":4},"end":{"line":278,"column":53}},"196":{"start":{"line":279,"column":4},"end":{"line":284,"column":7}},"197":{"start":{"line":280,"column":6},"end":{"line":282,"column":9}},"198":{"start":{"line":281,"column":8},"end":{"line":281,"column":28}},"199":{"start":{"line":283,"column":6},"end":{"line":283,"column":15}},"200":{"start":{"line":285,"column":4},"end":{"line":285,"column":10}},"201":{"start":{"line":287,"column":4},"end":{"line":287,"column":50}},"202":{"start":{"line":288,"column":4},"end":{"line":293,"column":7}},"203":{"start":{"line":289,"column":6},"end":{"line":291,"column":9}},"204":{"start":{"line":290,"column":8},"end":{"line":290,"column":28}},"205":{"start":{"line":292,"column":6},"end":{"line":292,"column":15}},"206":{"start":{"line":294,"column":4},"end":{"line":294,"column":10}},"207":{"start":{"line":296,"column":4},"end":{"line":296,"column":50}},"208":{"start":{"line":297,"column":4},"end":{"line":302,"column":7}},"209":{"start":{"line":298,"column":6},"end":{"line":300,"column":9}},"210":{"start":{"line":299,"column":8},"end":{"line":299,"column":28}},"211":{"start":{"line":301,"column":6},"end":{"line":301,"column":15}},"212":{"start":{"line":303,"column":4},"end":{"line":303,"column":10}},"213":{"start":{"line":305,"column":4},"end":{"line":305,"column":10}},"214":{"start":{"line":308,"column":20},"end":{"line":315,"column":1}},"215":{"start":{"line":309,"column":2},"end":{"line":309,"column":36}},"216":{"start":{"line":310,"column":2},"end":{"line":310,"column":38}},"217":{"start":{"line":311,"column":2},"end":{"line":311,"column":39}},"218":{"start":{"line":312,"column":2},"end":{"line":312,"column":37}},"219":{"start":{"line":313,"column":2},"end":{"line":313,"column":36}},"220":{"start":{"line":314,"column":2},"end":{"line":314,"column":39}},"221":{"start":{"line":318,"column":26},"end":{"line":449,"column":1}},"222":{"start":{"line":319,"column":19},"end":{"line":319,"column":59}},"223":{"start":{"line":330,"column":2},"end":{"line":448,"column":3}},"224":{"start":{"line":332,"column":4},"end":{"line":332,"column":44}},"225":{"start":{"line":333,"column":4},"end":{"line":338,"column":7}},"226":{"start":{"line":334,"column":6},"end":{"line":336,"column":9}},"227":{"start":{"line":335,"column":8},"end":{"line":335,"column":24}},"228":{"start":{"line":337,"column":6},"end":{"line":337,"column":15}},"229":{"start":{"line":339,"column":4},"end":{"line":339,"column":43}},"230":{"start":{"line":340,"column":4},"end":{"line":340,"column":10}},"231":{"start":{"line":342,"column":4},"end":{"line":342,"column":46}},"232":{"start":{"line":343,"column":4},"end":{"line":348,"column":7}},"233":{"start":{"line":344,"column":6},"end":{"line":346,"column":9}},"234":{"start":{"line":345,"column":8},"end":{"line":345,"column":24}},"235":{"start":{"line":347,"column":6},"end":{"line":347,"column":15}},"236":{"start":{"line":349,"column":4},"end":{"line":349,"column":46}},"237":{"start":{"line":350,"column":4},"end":{"line":350,"column":10}},"238":{"start":{"line":352,"column":4},"end":{"line":352,"column":47}},"239":{"start":{"line":353,"column":4},"end":{"line":358,"column":7}},"240":{"start":{"line":354,"column":6},"end":{"line":356,"column":9}},"241":{"start":{"line":355,"column":8},"end":{"line":355,"column":24}},"242":{"start":{"line":357,"column":6},"end":{"line":357,"column":15}},"243":{"start":{"line":359,"column":4},"end":{"line":359,"column":43}},"244":{"start":{"line":360,"column":4},"end":{"line":360,"column":10}},"245":{"start":{"line":362,"column":4},"end":{"line":362,"column":45}},"246":{"start":{"line":363,"column":4},"end":{"line":368,"column":7}},"247":{"start":{"line":364,"column":6},"end":{"line":366,"column":9}},"248":{"start":{"line":365,"column":8},"end":{"line":365,"column":24}},"249":{"start":{"line":367,"column":6},"end":{"line":367,"column":15}},"250":{"start":{"line":369,"column":4},"end":{"line":369,"column":43}},"251":{"start":{"line":370,"column":4},"end":{"line":370,"column":10}},"252":{"start":{"line":372,"column":4},"end":{"line":372,"column":44}},"253":{"start":{"line":373,"column":4},"end":{"line":373,"column":49}},"254":{"start":{"line":374,"column":4},"end":{"line":374,"column":52}},"255":{"start":{"line":375,"column":4},"end":{"line":375,"column":10}},"256":{"start":{"line":377,"column":4},"end":{"line":377,"column":42}},"257":{"start":{"line":378,"column":4},"end":{"line":378,"column":49}},"258":{"start":{"line":379,"column":4},"end":{"line":379,"column":52}},"259":{"start":{"line":380,"column":4},"end":{"line":380,"column":10}},"260":{"start":{"line":382,"column":4},"end":{"line":382,"column":38}},"261":{"start":{"line":383,"column":4},"end":{"line":383,"column":48}},"262":{"start":{"line":384,"column":4},"end":{"line":384,"column":32}},"263":{"start":{"line":385,"column":4},"end":{"line":385,"column":72}},"264":{"start":{"line":385,"column":29},"end":{"line":385,"column":70}},"265":{"start":{"line":386,"column":4},"end":{"line":386,"column":41}},"266":{"start":{"line":386,"column":29},"end":{"line":386,"column":39}},"267":{"start":{"line":387,"column":4},"end":{"line":392,"column":7}},"268":{"start":{"line":388,"column":6},"end":{"line":390,"column":9}},"269":{"start":{"line":389,"column":8},"end":{"line":389,"column":24}},"270":{"start":{"line":391,"column":6},"end":{"line":391,"column":15}},"271":{"start":{"line":393,"column":4},"end":{"line":393,"column":10}},"272":{"start":{"line":400,"column":4},"end":{"line":400,"column":37}},"273":{"start":{"line":401,"column":4},"end":{"line":401,"column":50}},"274":{"start":{"line":402,"column":4},"end":{"line":402,"column":72}},"275":{"start":{"line":402,"column":29},"end":{"line":402,"column":70}},"276":{"start":{"line":403,"column":4},"end":{"line":403,"column":41}},"277":{"start":{"line":403,"column":29},"end":{"line":403,"column":39}},"278":{"start":{"line":405,"column":4},"end":{"line":405,"column":47}},"279":{"start":{"line":406,"column":4},"end":{"line":409,"column":7}},"280":{"start":{"line":407,"column":6},"end":{"line":407,"column":31}},"281":{"start":{"line":408,"column":6},"end":{"line":408,"column":15}},"282":{"start":{"line":410,"column":4},"end":{"line":410,"column":65}},"283":{"start":{"line":411,"column":4},"end":{"line":414,"column":7}},"284":{"start":{"line":412,"column":6},"end":{"line":412,"column":31}},"285":{"start":{"line":413,"column":6},"end":{"line":413,"column":15}},"286":{"start":{"line":415,"column":4},"end":{"line":415,"column":56}},"287":{"start":{"line":416,"column":4},"end":{"line":419,"column":7}},"288":{"start":{"line":417,"column":6},"end":{"line":417,"column":31}},"289":{"start":{"line":418,"column":6},"end":{"line":418,"column":15}},"290":{"start":{"line":420,"column":4},"end":{"line":420,"column":46}},"291":{"start":{"line":421,"column":4},"end":{"line":424,"column":7}},"292":{"start":{"line":422,"column":6},"end":{"line":422,"column":31}},"293":{"start":{"line":423,"column":6},"end":{"line":423,"column":15}},"294":{"start":{"line":425,"column":4},"end":{"line":425,"column":71}},"295":{"start":{"line":426,"column":4},"end":{"line":429,"column":7}},"296":{"start":{"line":427,"column":6},"end":{"line":427,"column":31}},"297":{"start":{"line":428,"column":6},"end":{"line":428,"column":15}},"298":{"start":{"line":430,"column":4},"end":{"line":430,"column":67}},"299":{"start":{"line":431,"column":4},"end":{"line":434,"column":7}},"300":{"start":{"line":432,"column":6},"end":{"line":432,"column":31}},"301":{"start":{"line":433,"column":6},"end":{"line":433,"column":15}},"302":{"start":{"line":435,"column":4},"end":{"line":435,"column":45}},"303":{"start":{"line":436,"column":4},"end":{"line":439,"column":7}},"304":{"start":{"line":437,"column":6},"end":{"line":437,"column":31}},"305":{"start":{"line":438,"column":6},"end":{"line":438,"column":15}},"306":{"start":{"line":440,"column":4},"end":{"line":440,"column":51}},"307":{"start":{"line":441,"column":4},"end":{"line":444,"column":7}},"308":{"start":{"line":442,"column":6},"end":{"line":442,"column":31}},"309":{"start":{"line":443,"column":6},"end":{"line":443,"column":15}},"310":{"start":{"line":445,"column":4},"end":{"line":445,"column":10}},"311":{"start":{"line":447,"column":4},"end":{"line":447,"column":10}},"312":{"start":{"line":452,"column":13},"end":{"line":454,"column":1}},"313":{"start":{"line":453,"column":2},"end":{"line":453,"column":35}},"314":{"start":{"line":457,"column":18},"end":{"line":463,"column":1}},"315":{"start":{"line":458,"column":2},"end":{"line":462,"column":3}},"316":{"start":{"line":459,"column":22},"end":{"line":459,"column":79}},"317":{"start":{"line":460,"column":18},"end":{"line":460,"column":74}},"318":{"start":{"line":461,"column":13},"end":{"line":461,"column":67}},"319":{"start":{"line":466,"column":18},"end":{"line":1521,"column":1}},"320":{"start":{"line":468,"column":20},"end":{"line":468,"column":29}},"321":{"start":{"line":469,"column":20},"end":{"line":469,"column":29}},"322":{"start":{"line":470,"column":20},"end":{"line":470,"column":29}},"323":{"start":{"line":471,"column":23},"end":{"line":471,"column":35}},"324":{"start":{"line":472,"column":18},"end":{"line":472,"column":26}},"325":{"start":{"line":475,"column":23},"end":{"line":475,"column":35}},"326":{"start":{"line":476,"column":21},"end":{"line":476,"column":31}},"327":{"start":{"line":477,"column":23},"end":{"line":477,"column":35}},"328":{"start":{"line":478,"column":22},"end":{"line":478,"column":33}},"329":{"start":{"line":479,"column":18},"end":{"line":479,"column":26}},"330":{"start":{"line":482,"column":20},"end":{"line":482,"column":29}},"331":{"start":{"line":483,"column":20},"end":{"line":483,"column":29}},"332":{"start":{"line":484,"column":23},"end":{"line":484,"column":35}},"333":{"start":{"line":485,"column":18},"end":{"line":485,"column":26}},"334":{"start":{"line":488,"column":20},"end":{"line":488,"column":29}},"335":{"start":{"line":489,"column":30},"end":{"line":489,"column":49}},"336":{"start":{"line":490,"column":24},"end":{"line":490,"column":37}},"337":{"start":{"line":491,"column":21},"end":{"line":491,"column":31}},"338":{"start":{"line":492,"column":22},"end":{"line":492,"column":33}},"339":{"start":{"line":493,"column":21},"end":{"line":493,"column":31}},"340":{"start":{"line":494,"column":20},"end":{"line":494,"column":29}},"341":{"start":{"line":495,"column":23},"end":{"line":495,"column":35}},"342":{"start":{"line":496,"column":18},"end":{"line":496,"column":26}},"343":{"start":{"line":499,"column":21},"end":{"line":499,"column":31}},"344":{"start":{"line":500,"column":22},"end":{"line":500,"column":33}},"345":{"start":{"line":501,"column":25},"end":{"line":501,"column":39}},"346":{"start":{"line":502,"column":23},"end":{"line":502,"column":35}},"347":{"start":{"line":503,"column":18},"end":{"line":503,"column":26}},"348":{"start":{"line":506,"column":21},"end":{"line":506,"column":31}},"349":{"start":{"line":507,"column":24},"end":{"line":507,"column":37}},"350":{"start":{"line":508,"column":25},"end":{"line":508,"column":39}},"351":{"start":{"line":509,"column":21},"end":{"line":509,"column":31}},"352":{"start":{"line":510,"column":18},"end":{"line":510,"column":26}},"353":{"start":{"line":513,"column":21},"end":{"line":513,"column":31}},"354":{"start":{"line":514,"column":24},"end":{"line":514,"column":37}},"355":{"start":{"line":515,"column":25},"end":{"line":515,"column":39}},"356":{"start":{"line":516,"column":21},"end":{"line":516,"column":31}},"357":{"start":{"line":517,"column":18},"end":{"line":517,"column":26}},"358":{"start":{"line":520,"column":20},"end":{"line":520,"column":29}},"359":{"start":{"line":521,"column":22},"end":{"line":521,"column":33}},"360":{"start":{"line":522,"column":23},"end":{"line":522,"column":35}},"361":{"start":{"line":523,"column":22},"end":{"line":523,"column":33}},"362":{"start":{"line":524,"column":18},"end":{"line":524,"column":26}},"363":{"start":{"line":527,"column":24},"end":{"line":527,"column":37}},"364":{"start":{"line":528,"column":28},"end":{"line":528,"column":45}},"365":{"start":{"line":529,"column":22},"end":{"line":529,"column":33}},"366":{"start":{"line":530,"column":25},"end":{"line":530,"column":39}},"367":{"start":{"line":531,"column":20},"end":{"line":531,"column":29}},"368":{"start":{"line":532,"column":22},"end":{"line":532,"column":33}},"369":{"start":{"line":533,"column":18},"end":{"line":533,"column":26}},"370":{"start":{"line":534,"column":21},"end":{"line":534,"column":31}},"371":{"start":{"line":537,"column":23},"end":{"line":537,"column":35}},"372":{"start":{"line":538,"column":24},"end":{"line":538,"column":37}},"373":{"start":{"line":539,"column":18},"end":{"line":539,"column":26}},"374":{"start":{"line":540,"column":22},"end":{"line":540,"column":33}},"375":{"start":{"line":545,"column":27},"end":{"line":545,"column":70}},"376":{"start":{"line":546,"column":6},"end":{"line":546,"column":44}},"377":{"start":{"line":549,"column":27},"end":{"line":549,"column":70}},"378":{"start":{"line":550,"column":19},"end":{"line":550,"column":55}},"379":{"start":{"line":551,"column":6},"end":{"line":555,"column":7}},"380":{"start":{"line":552,"column":8},"end":{"line":552,"column":48}},"381":{"start":{"line":554,"column":8},"end":{"line":554,"column":37}},"382":{"start":{"line":558,"column":27},"end":{"line":558,"column":70}},"383":{"start":{"line":559,"column":19},"end":{"line":559,"column":55}},"384":{"start":{"line":560,"column":6},"end":{"line":564,"column":7}},"385":{"start":{"line":561,"column":8},"end":{"line":561,"column":37}},"386":{"start":{"line":563,"column":8},"end":{"line":563,"column":37}},"387":{"start":{"line":567,"column":27},"end":{"line":567,"column":70}},"388":{"start":{"line":568,"column":19},"end":{"line":568,"column":55}},"389":{"start":{"line":569,"column":6},"end":{"line":575,"column":7}},"390":{"start":{"line":570,"column":8},"end":{"line":570,"column":49}},"391":{"start":{"line":571,"column":13},"end":{"line":575,"column":7}},"392":{"start":{"line":572,"column":8},"end":{"line":572,"column":34}},"393":{"start":{"line":574,"column":8},"end":{"line":574,"column":37}},"394":{"start":{"line":578,"column":27},"end":{"line":578,"column":70}},"395":{"start":{"line":579,"column":19},"end":{"line":579,"column":55}},"396":{"start":{"line":580,"column":6},"end":{"line":584,"column":7}},"397":{"start":{"line":581,"column":8},"end":{"line":581,"column":69}},"398":{"start":{"line":583,"column":8},"end":{"line":583,"column":33}},"399":{"start":{"line":587,"column":27},"end":{"line":587,"column":70}},"400":{"start":{"line":588,"column":19},"end":{"line":588,"column":55}},"401":{"start":{"line":589,"column":6},"end":{"line":595,"column":7}},"402":{"start":{"line":590,"column":8},"end":{"line":590,"column":47}},"403":{"start":{"line":591,"column":13},"end":{"line":595,"column":7}},"404":{"start":{"line":592,"column":8},"end":{"line":592,"column":69}},"405":{"start":{"line":594,"column":8},"end":{"line":594,"column":33}},"406":{"start":{"line":598,"column":27},"end":{"line":598,"column":70}},"407":{"start":{"line":599,"column":19},"end":{"line":599,"column":74}},"408":{"start":{"line":600,"column":6},"end":{"line":604,"column":7}},"409":{"start":{"line":601,"column":8},"end":{"line":601,"column":45}},"410":{"start":{"line":603,"column":8},"end":{"line":603,"column":37}},"411":{"start":{"line":607,"column":27},"end":{"line":607,"column":70}},"412":{"start":{"line":608,"column":19},"end":{"line":608,"column":74}},"413":{"start":{"line":609,"column":6},"end":{"line":613,"column":7}},"414":{"start":{"line":610,"column":8},"end":{"line":610,"column":44}},"415":{"start":{"line":612,"column":8},"end":{"line":612,"column":37}},"416":{"start":{"line":616,"column":27},"end":{"line":616,"column":70}},"417":{"start":{"line":617,"column":19},"end":{"line":617,"column":55}},"418":{"start":{"line":618,"column":6},"end":{"line":622,"column":7}},"419":{"start":{"line":619,"column":8},"end":{"line":619,"column":84}},"420":{"start":{"line":621,"column":8},"end":{"line":621,"column":33}},"421":{"start":{"line":625,"column":27},"end":{"line":625,"column":70}},"422":{"start":{"line":626,"column":19},"end":{"line":626,"column":55}},"423":{"start":{"line":627,"column":6},"end":{"line":636,"column":7}},"424":{"start":{"line":628,"column":20},"end":{"line":628,"column":22}},"425":{"start":{"line":629,"column":8},"end":{"line":632,"column":9}},"426":{"start":{"line":629,"column":21},"end":{"line":629,"column":22}},"427":{"start":{"line":630,"column":21},"end":{"line":630,"column":86}},"428":{"start":{"line":631,"column":10},"end":{"line":631,"column":36}},"429":{"start":{"line":633,"column":8},"end":{"line":633,"column":21}},"430":{"start":{"line":635,"column":8},"end":{"line":635,"column":33}},"431":{"start":{"line":639,"column":27},"end":{"line":639,"column":70}},"432":{"start":{"line":640,"column":19},"end":{"line":640,"column":55}},"433":{"start":{"line":641,"column":6},"end":{"line":647,"column":7}},"434":{"start":{"line":642,"column":8},"end":{"line":642,"column":117}},"435":{"start":{"line":642,"column":39},"end":{"line":642,"column":117}},"436":{"start":{"line":643,"column":8},"end":{"line":643,"column":135}},"437":{"start":{"line":643,"column":40},"end":{"line":643,"column":135}},"438":{"start":{"line":643,"column":118},"end":{"line":643,"column":130}},"439":{"start":{"line":644,"column":8},"end":{"line":644,"column":164}},"440":{"start":{"line":644,"column":40},"end":{"line":644,"column":164}},"441":{"start":{"line":644,"column":147},"end":{"line":644,"column":159}},"442":{"start":{"line":646,"column":8},"end":{"line":646,"column":33}},"443":{"start":{"line":650,"column":27},"end":{"line":650,"column":70}},"444":{"start":{"line":651,"column":19},"end":{"line":651,"column":55}},"445":{"start":{"line":652,"column":6},"end":{"line":656,"column":7}},"446":{"start":{"line":653,"column":8},"end":{"line":653,"column":56}},"447":{"start":{"line":655,"column":8},"end":{"line":655,"column":37}},"448":{"start":{"line":659,"column":27},"end":{"line":659,"column":70}},"449":{"start":{"line":660,"column":19},"end":{"line":660,"column":55}},"450":{"start":{"line":661,"column":6},"end":{"line":665,"column":7}},"451":{"start":{"line":662,"column":8},"end":{"line":662,"column":44}},"452":{"start":{"line":664,"column":8},"end":{"line":664,"column":33}},"453":{"start":{"line":667,"column":27},"end":{"line":667,"column":83}},"454":{"start":{"line":668,"column":26},"end":{"line":668,"column":85}},"455":{"start":{"line":669,"column":27},"end":{"line":669,"column":65}},"456":{"start":{"line":670,"column":27},"end":{"line":670,"column":67}},"457":{"start":{"line":671,"column":29},"end":{"line":671,"column":76}},"458":{"start":{"line":672,"column":28},"end":{"line":672,"column":76}},"459":{"start":{"line":673,"column":30},"end":{"line":673,"column":89}},"460":{"start":{"line":674,"column":29},"end":{"line":674,"column":91}},"461":{"start":{"line":675,"column":28},"end":{"line":675,"column":85}},"462":{"start":{"line":676,"column":27},"end":{"line":676,"column":87}},"463":{"start":{"line":677,"column":34},"end":{"line":677,"column":56}},"464":{"start":{"line":679,"column":27},"end":{"line":679,"column":70}},"465":{"start":{"line":680,"column":19},"end":{"line":680,"column":55}},"466":{"start":{"line":681,"column":6},"end":{"line":685,"column":7}},"467":{"start":{"line":682,"column":8},"end":{"line":682,"column":75}},"468":{"start":{"line":684,"column":8},"end":{"line":684,"column":37}},"469":{"start":{"line":687,"column":22},"end":{"line":687,"column":41}},"470":{"start":{"line":688,"column":40},"end":{"line":688,"column":82}},"471":{"start":{"line":693,"column":27},"end":{"line":693,"column":70}},"472":{"start":{"line":694,"column":19},"end":{"line":694,"column":55}},"473":{"start":{"line":695,"column":6},"end":{"line":711,"column":7}},"474":{"start":{"line":696,"column":19},"end":{"line":700,"column":10}},"475":{"start":{"line":701,"column":8},"end":{"line":705,"column":9}},"476":{"start":{"line":702,"column":10},"end":{"line":702,"column":28}},"477":{"start":{"line":704,"column":10},"end":{"line":704,"column":69}},"478":{"start":{"line":706,"column":8},"end":{"line":706,"column":59}},"479":{"start":{"line":707,"column":8},"end":{"line":707,"column":64}},"480":{"start":{"line":708,"column":8},"end":{"line":708,"column":20}},"481":{"start":{"line":710,"column":8},"end":{"line":710,"column":37}},"482":{"start":{"line":714,"column":27},"end":{"line":714,"column":70}},"483":{"start":{"line":715,"column":19},"end":{"line":715,"column":55}},"484":{"start":{"line":716,"column":6},"end":{"line":730,"column":7}},"485":{"start":{"line":717,"column":19},"end":{"line":717,"column":47}},"486":{"start":{"line":718,"column":8},"end":{"line":718,"column":36}},"487":{"start":{"line":719,"column":8},"end":{"line":719,"column":38}},"488":{"start":{"line":720,"column":8},"end":{"line":724,"column":9}},"489":{"start":{"line":721,"column":10},"end":{"line":721,"column":28}},"490":{"start":{"line":723,"column":10},"end":{"line":723,"column":69}},"491":{"start":{"line":725,"column":8},"end":{"line":725,"column":44}},"492":{"start":{"line":726,"column":8},"end":{"line":726,"column":68}},"493":{"start":{"line":727,"column":8},"end":{"line":727,"column":20}},"494":{"start":{"line":729,"column":8},"end":{"line":729,"column":37}},"495":{"start":{"line":733,"column":27},"end":{"line":733,"column":70}},"496":{"start":{"line":734,"column":19},"end":{"line":734,"column":55}},"497":{"start":{"line":735,"column":6},"end":{"line":746,"column":7}},"498":{"start":{"line":736,"column":21},"end":{"line":736,"column":49}},"499":{"start":{"line":737,"column":8},"end":{"line":741,"column":9}},"500":{"start":{"line":738,"column":10},"end":{"line":738,"column":30}},"501":{"start":{"line":740,"column":10},"end":{"line":740,"column":69}},"502":{"start":{"line":742,"column":8},"end":{"line":742,"column":68}},"503":{"start":{"line":743,"column":8},"end":{"line":743,"column":20}},"504":{"start":{"line":745,"column":8},"end":{"line":745,"column":37}},"505":{"start":{"line":749,"column":27},"end":{"line":749,"column":70}},"506":{"start":{"line":750,"column":19},"end":{"line":750,"column":55}},"507":{"start":{"line":751,"column":6},"end":{"line":768,"column":7}},"508":{"start":{"line":752,"column":25},"end":{"line":757,"column":10}},"509":{"start":{"line":758,"column":8},"end":{"line":762,"column":9}},"510":{"start":{"line":759,"column":10},"end":{"line":759,"column":34}},"511":{"start":{"line":761,"column":10},"end":{"line":761,"column":69}},"512":{"start":{"line":763,"column":7},"end":{"line":763,"column":84}},"513":{"start":{"line":764,"column":8},"end":{"line":764,"column":82}},"514":{"start":{"line":765,"column":8},"end":{"line":765,"column":26}},"515":{"start":{"line":767,"column":8},"end":{"line":767,"column":33}},"516":{"start":{"line":771,"column":27},"end":{"line":771,"column":70}},"517":{"start":{"line":772,"column":19},"end":{"line":772,"column":55}},"518":{"start":{"line":773,"column":6},"end":{"line":784,"column":7}},"519":{"start":{"line":774,"column":27},"end":{"line":774,"column":61}},"520":{"start":{"line":775,"column":8},"end":{"line":779,"column":9}},"521":{"start":{"line":776,"column":10},"end":{"line":776,"column":60}},"522":{"start":{"line":778,"column":10},"end":{"line":778,"column":69}},"523":{"start":{"line":780,"column":8},"end":{"line":780,"column":86}},"524":{"start":{"line":781,"column":8},"end":{"line":781,"column":26}},"525":{"start":{"line":783,"column":8},"end":{"line":783,"column":37}},"526":{"start":{"line":787,"column":27},"end":{"line":787,"column":70}},"527":{"start":{"line":788,"column":19},"end":{"line":788,"column":55}},"528":{"start":{"line":789,"column":6},"end":{"line":814,"column":7}},"529":{"start":{"line":790,"column":19},"end":{"line":799,"column":10}},"530":{"start":{"line":800,"column":8},"end":{"line":804,"column":9}},"531":{"start":{"line":801,"column":10},"end":{"line":801,"column":28}},"532":{"start":{"line":803,"column":10},"end":{"line":803,"column":69}},"533":{"start":{"line":805,"column":8},"end":{"line":805,"column":76}},"534":{"start":{"line":806,"column":8},"end":{"line":806,"column":63}},"535":{"start":{"line":807,"column":8},"end":{"line":807,"column":74}},"536":{"start":{"line":808,"column":8},"end":{"line":808,"column":69}},"537":{"start":{"line":809,"column":8},"end":{"line":809,"column":65}},"538":{"start":{"line":810,"column":5},"end":{"line":810,"column":61}},"539":{"start":{"line":811,"column":8},"end":{"line":811,"column":20}},"540":{"start":{"line":813,"column":8},"end":{"line":813,"column":33}},"541":{"start":{"line":817,"column":27},"end":{"line":817,"column":70}},"542":{"start":{"line":818,"column":19},"end":{"line":818,"column":55}},"543":{"start":{"line":819,"column":6},"end":{"line":842,"column":7}},"544":{"start":{"line":820,"column":19},"end":{"line":820,"column":47}},"545":{"start":{"line":821,"column":8},"end":{"line":821,"column":45}},"546":{"start":{"line":821,"column":23},"end":{"line":821,"column":45}},"547":{"start":{"line":822,"column":8},"end":{"line":822,"column":48}},"548":{"start":{"line":822,"column":24},"end":{"line":822,"column":48}},"549":{"start":{"line":823,"column":8},"end":{"line":823,"column":61}},"550":{"start":{"line":823,"column":26},"end":{"line":823,"column":61}},"551":{"start":{"line":824,"column":8},"end":{"line":824,"column":57}},"552":{"start":{"line":824,"column":27},"end":{"line":824,"column":57}},"553":{"start":{"line":825,"column":8},"end":{"line":825,"column":51}},"554":{"start":{"line":825,"column":25},"end":{"line":825,"column":51}},"555":{"start":{"line":826,"column":8},"end":{"line":826,"column":48}},"556":{"start":{"line":826,"column":24},"end":{"line":826,"column":48}},"557":{"start":{"line":827,"column":8},"end":{"line":827,"column":45}},"558":{"start":{"line":827,"column":23},"end":{"line":827,"column":45}},"559":{"start":{"line":828,"column":8},"end":{"line":832,"column":9}},"560":{"start":{"line":829,"column":10},"end":{"line":829,"column":28}},"561":{"start":{"line":831,"column":10},"end":{"line":831,"column":69}},"562":{"start":{"line":833,"column":8},"end":{"line":833,"column":81}},"563":{"start":{"line":833,"column":24},"end":{"line":833,"column":81}},"564":{"start":{"line":834,"column":8},"end":{"line":834,"column":87}},"565":{"start":{"line":834,"column":26},"end":{"line":834,"column":87}},"566":{"start":{"line":835,"column":8},"end":{"line":835,"column":90}},"567":{"start":{"line":835,"column":27},"end":{"line":835,"column":90}},"568":{"start":{"line":836,"column":8},"end":{"line":836,"column":84}},"569":{"start":{"line":836,"column":25},"end":{"line":836,"column":84}},"570":{"start":{"line":837,"column":8},"end":{"line":837,"column":73}},"571":{"start":{"line":838,"column":8},"end":{"line":838,"column":68}},"572":{"start":{"line":839,"column":8},"end":{"line":839,"column":20}},"573":{"start":{"line":841,"column":8},"end":{"line":841,"column":33}},"574":{"start":{"line":845,"column":27},"end":{"line":845,"column":70}},"575":{"start":{"line":846,"column":19},"end":{"line":846,"column":55}},"576":{"start":{"line":847,"column":6},"end":{"line":858,"column":7}},"577":{"start":{"line":848,"column":21},"end":{"line":848,"column":70}},"578":{"start":{"line":849,"column":8},"end":{"line":853,"column":9}},"579":{"start":{"line":850,"column":10},"end":{"line":850,"column":37}},"580":{"start":{"line":852,"column":10},"end":{"line":852,"column":69}},"581":{"start":{"line":854,"column":8},"end":{"line":854,"column":68}},"582":{"start":{"line":855,"column":8},"end":{"line":855,"column":20}},"583":{"start":{"line":857,"column":8},"end":{"line":857,"column":37}},"584":{"start":{"line":861,"column":27},"end":{"line":861,"column":70}},"585":{"start":{"line":862,"column":19},"end":{"line":862,"column":55}},"586":{"start":{"line":863,"column":6},"end":{"line":877,"column":7}},"587":{"start":{"line":864,"column":19},"end":{"line":864,"column":47}},"588":{"start":{"line":865,"column":8},"end":{"line":865,"column":48}},"589":{"start":{"line":865,"column":32},"end":{"line":865,"column":48}},"590":{"start":{"line":866,"column":8},"end":{"line":866,"column":50}},"591":{"start":{"line":866,"column":34},"end":{"line":866,"column":50}},"592":{"start":{"line":867,"column":8},"end":{"line":871,"column":9}},"593":{"start":{"line":868,"column":10},"end":{"line":868,"column":28}},"594":{"start":{"line":870,"column":10},"end":{"line":870,"column":69}},"595":{"start":{"line":872,"column":8},"end":{"line":872,"column":73}},"596":{"start":{"line":873,"column":8},"end":{"line":873,"column":64}},"597":{"start":{"line":874,"column":8},"end":{"line":874,"column":20}},"598":{"start":{"line":876,"column":8},"end":{"line":876,"column":33}},"599":{"start":{"line":880,"column":27},"end":{"line":880,"column":70}},"600":{"start":{"line":881,"column":19},"end":{"line":881,"column":55}},"601":{"start":{"line":882,"column":6},"end":{"line":898,"column":7}},"602":{"start":{"line":883,"column":21},"end":{"line":887,"column":10}},"603":{"start":{"line":888,"column":8},"end":{"line":892,"column":9}},"604":{"start":{"line":889,"column":10},"end":{"line":889,"column":30}},"605":{"start":{"line":891,"column":10},"end":{"line":891,"column":69}},"606":{"start":{"line":893,"column":5},"end":{"line":893,"column":81}},"607":{"start":{"line":894,"column":8},"end":{"line":894,"column":70}},"608":{"start":{"line":895,"column":8},"end":{"line":895,"column":22}},"609":{"start":{"line":897,"column":8},"end":{"line":897,"column":33}},"610":{"start":{"line":901,"column":27},"end":{"line":901,"column":70}},"611":{"start":{"line":902,"column":19},"end":{"line":902,"column":55}},"612":{"start":{"line":903,"column":6},"end":{"line":914,"column":7}},"613":{"start":{"line":904,"column":23},"end":{"line":904,"column":60}},"614":{"start":{"line":905,"column":8},"end":{"line":909,"column":9}},"615":{"start":{"line":906,"column":10},"end":{"line":906,"column":53}},"616":{"start":{"line":908,"column":10},"end":{"line":908,"column":69}},"617":{"start":{"line":910,"column":8},"end":{"line":910,"column":74}},"618":{"start":{"line":911,"column":8},"end":{"line":911,"column":22}},"619":{"start":{"line":913,"column":8},"end":{"line":913,"column":37}},"620":{"start":{"line":917,"column":27},"end":{"line":917,"column":70}},"621":{"start":{"line":918,"column":19},"end":{"line":918,"column":55}},"622":{"start":{"line":919,"column":6},"end":{"line":935,"column":7}},"623":{"start":{"line":920,"column":19},"end":{"line":924,"column":10}},"624":{"start":{"line":925,"column":8},"end":{"line":929,"column":9}},"625":{"start":{"line":926,"column":10},"end":{"line":926,"column":28}},"626":{"start":{"line":928,"column":10},"end":{"line":928,"column":69}},"627":{"start":{"line":930,"column":8},"end":{"line":930,"column":80}},"628":{"start":{"line":931,"column":8},"end":{"line":931,"column":71}},"629":{"start":{"line":932,"column":8},"end":{"line":932,"column":20}},"630":{"start":{"line":934,"column":8},"end":{"line":934,"column":33}},"631":{"start":{"line":938,"column":27},"end":{"line":938,"column":70}},"632":{"start":{"line":939,"column":19},"end":{"line":939,"column":55}},"633":{"start":{"line":940,"column":6},"end":{"line":951,"column":7}},"634":{"start":{"line":941,"column":21},"end":{"line":941,"column":54}},"635":{"start":{"line":942,"column":8},"end":{"line":946,"column":9}},"636":{"start":{"line":943,"column":10},"end":{"line":943,"column":57}},"637":{"start":{"line":945,"column":10},"end":{"line":945,"column":69}},"638":{"start":{"line":947,"column":8},"end":{"line":947,"column":75}},"639":{"start":{"line":948,"column":8},"end":{"line":948,"column":20}},"640":{"start":{"line":950,"column":8},"end":{"line":950,"column":37}},"641":{"start":{"line":954,"column":27},"end":{"line":954,"column":70}},"642":{"start":{"line":955,"column":19},"end":{"line":955,"column":55}},"643":{"start":{"line":956,"column":6},"end":{"line":972,"column":7}},"644":{"start":{"line":957,"column":19},"end":{"line":961,"column":10}},"645":{"start":{"line":962,"column":8},"end":{"line":966,"column":9}},"646":{"start":{"line":963,"column":10},"end":{"line":963,"column":28}},"647":{"start":{"line":965,"column":10},"end":{"line":965,"column":69}},"648":{"start":{"line":967,"column":8},"end":{"line":967,"column":82}},"649":{"start":{"line":968,"column":8},"end":{"line":968,"column":73}},"650":{"start":{"line":969,"column":8},"end":{"line":969,"column":20}},"651":{"start":{"line":971,"column":8},"end":{"line":971,"column":33}},"652":{"start":{"line":975,"column":27},"end":{"line":975,"column":70}},"653":{"start":{"line":976,"column":19},"end":{"line":976,"column":55}},"654":{"start":{"line":977,"column":6},"end":{"line":992,"column":7}},"655":{"start":{"line":978,"column":21},"end":{"line":978,"column":74}},"656":{"start":{"line":979,"column":8},"end":{"line":989,"column":9}},"657":{"start":{"line":980,"column":10},"end":{"line":984,"column":11}},"658":{"start":{"line":981,"column":12},"end":{"line":981,"column":61}},"659":{"start":{"line":983,"column":12},"end":{"line":983,"column":71}},"660":{"start":{"line":985,"column":10},"end":{"line":985,"column":79}},"661":{"start":{"line":986,"column":10},"end":{"line":986,"column":22}},"662":{"start":{"line":988,"column":10},"end":{"line":988,"column":39}},"663":{"start":{"line":991,"column":8},"end":{"line":991,"column":33}},"664":{"start":{"line":995,"column":27},"end":{"line":995,"column":70}},"665":{"start":{"line":996,"column":19},"end":{"line":996,"column":55}},"666":{"start":{"line":997,"column":6},"end":{"line":1013,"column":7}},"667":{"start":{"line":998,"column":22},"end":{"line":1003,"column":10}},"668":{"start":{"line":1004,"column":8},"end":{"line":1008,"column":9}},"669":{"start":{"line":1005,"column":10},"end":{"line":1005,"column":31}},"670":{"start":{"line":1007,"column":10},"end":{"line":1007,"column":69}},"671":{"start":{"line":1009,"column":8},"end":{"line":1009,"column":87}},"672":{"start":{"line":1010,"column":8},"end":{"line":1010,"column":23}},"673":{"start":{"line":1012,"column":8},"end":{"line":1012,"column":33}},"674":{"start":{"line":1016,"column":27},"end":{"line":1016,"column":70}},"675":{"start":{"line":1017,"column":19},"end":{"line":1017,"column":55}},"676":{"start":{"line":1018,"column":6},"end":{"line":1028,"column":7}},"677":{"start":{"line":1019,"column":24},"end":{"line":1019,"column":75}},"678":{"start":{"line":1020,"column":8},"end":{"line":1024,"column":9}},"679":{"start":{"line":1021,"column":10},"end":{"line":1021,"column":33}},"680":{"start":{"line":1023,"column":10},"end":{"line":1023,"column":69}},"681":{"start":{"line":1025,"column":8},"end":{"line":1025,"column":23}},"682":{"start":{"line":1027,"column":8},"end":{"line":1027,"column":37}},"683":{"start":{"line":1031,"column":27},"end":{"line":1031,"column":70}},"684":{"start":{"line":1032,"column":19},"end":{"line":1032,"column":55}},"685":{"start":{"line":1033,"column":6},"end":{"line":1045,"column":7}},"686":{"start":{"line":1034,"column":22},"end":{"line":1034,"column":53}},"687":{"start":{"line":1035,"column":8},"end":{"line":1035,"column":69}},"688":{"start":{"line":1036,"column":8},"end":{"line":1040,"column":9}},"689":{"start":{"line":1037,"column":10},"end":{"line":1037,"column":31}},"690":{"start":{"line":1039,"column":10},"end":{"line":1039,"column":69}},"691":{"start":{"line":1041,"column":8},"end":{"line":1041,"column":78}},"692":{"start":{"line":1042,"column":8},"end":{"line":1042,"column":23}},"693":{"start":{"line":1044,"column":8},"end":{"line":1044,"column":33}},"694":{"start":{"line":1048,"column":27},"end":{"line":1048,"column":70}},"695":{"start":{"line":1049,"column":19},"end":{"line":1049,"column":55}},"696":{"start":{"line":1050,"column":6},"end":{"line":1068,"column":7}},"697":{"start":{"line":1051,"column":19},"end":{"line":1057,"column":10}},"698":{"start":{"line":1058,"column":8},"end":{"line":1062,"column":9}},"699":{"start":{"line":1059,"column":10},"end":{"line":1059,"column":28}},"700":{"start":{"line":1061,"column":10},"end":{"line":1061,"column":69}},"701":{"start":{"line":1063,"column":8},"end":{"line":1063,"column":75}},"702":{"start":{"line":1064,"column":8},"end":{"line":1064,"column":64}},"703":{"start":{"line":1065,"column":8},"end":{"line":1065,"column":20}},"704":{"start":{"line":1067,"column":8},"end":{"line":1067,"column":33}},"705":{"start":{"line":1071,"column":27},"end":{"line":1071,"column":70}},"706":{"start":{"line":1072,"column":19},"end":{"line":1072,"column":74}},"707":{"start":{"line":1073,"column":19},"end":{"line":1073,"column":67}},"708":{"start":{"line":1074,"column":17},"end":{"line":1074,"column":49}},"709":{"start":{"line":1076,"column":6},"end":{"line":1106,"column":7}},"710":{"start":{"line":1077,"column":8},"end":{"line":1077,"column":73}},"711":{"start":{"line":1078,"column":8},"end":{"line":1088,"column":9}},"712":{"start":{"line":1079,"column":10},"end":{"line":1083,"column":11}},"713":{"start":{"line":1080,"column":12},"end":{"line":1080,"column":32}},"714":{"start":{"line":1082,"column":12},"end":{"line":1082,"column":69}},"715":{"start":{"line":1084,"column":10},"end":{"line":1084,"column":68}},"716":{"start":{"line":1085,"column":10},"end":{"line":1085,"column":22}},"717":{"start":{"line":1087,"column":10},"end":{"line":1087,"column":39}},"718":{"start":{"line":1089,"column":13},"end":{"line":1106,"column":7}},"719":{"start":{"line":1090,"column":8},"end":{"line":1090,"column":71}},"720":{"start":{"line":1091,"column":8},"end":{"line":1101,"column":9}},"721":{"start":{"line":1091,"column":33},"end":{"line":1091,"column":49}},"722":{"start":{"line":1092,"column":10},"end":{"line":1096,"column":11}},"723":{"start":{"line":1093,"column":12},"end":{"line":1093,"column":32}},"724":{"start":{"line":1095,"column":12},"end":{"line":1095,"column":69}},"725":{"start":{"line":1097,"column":10},"end":{"line":1097,"column":68}},"726":{"start":{"line":1098,"column":10},"end":{"line":1098,"column":22}},"727":{"start":{"line":1100,"column":10},"end":{"line":1100,"column":39}},"728":{"start":{"line":1102,"column":13},"end":{"line":1106,"column":7}},"729":{"start":{"line":1103,"column":8},"end":{"line":1103,"column":37}},"730":{"start":{"line":1105,"column":8},"end":{"line":1105,"column":33}},"731":{"start":{"line":1109,"column":27},"end":{"line":1109,"column":70}},"732":{"start":{"line":1110,"column":19},"end":{"line":1110,"column":55}},"733":{"start":{"line":1111,"column":6},"end":{"line":1124,"column":7}},"734":{"start":{"line":1112,"column":19},"end":{"line":1112,"column":47}},"735":{"start":{"line":1113,"column":8},"end":{"line":1113,"column":38}},"736":{"start":{"line":1114,"column":8},"end":{"line":1118,"column":9}},"737":{"start":{"line":1115,"column":10},"end":{"line":1115,"column":28}},"738":{"start":{"line":1117,"column":10},"end":{"line":1117,"column":69}},"739":{"start":{"line":1119,"column":8},"end":{"line":1119,"column":72}},"740":{"start":{"line":1120,"column":8},"end":{"line":1120,"column":68}},"741":{"start":{"line":1121,"column":8},"end":{"line":1121,"column":20}},"742":{"start":{"line":1123,"column":8},"end":{"line":1123,"column":33}},"743":{"start":{"line":1127,"column":27},"end":{"line":1127,"column":70}},"744":{"start":{"line":1128,"column":19},"end":{"line":1128,"column":55}},"745":{"start":{"line":1129,"column":6},"end":{"line":1142,"column":7}},"746":{"start":{"line":1130,"column":19},"end":{"line":1130,"column":47}},"747":{"start":{"line":1131,"column":8},"end":{"line":1131,"column":27}},"748":{"start":{"line":1132,"column":8},"end":{"line":1136,"column":9}},"749":{"start":{"line":1133,"column":10},"end":{"line":1133,"column":28}},"750":{"start":{"line":1135,"column":10},"end":{"line":1135,"column":69}},"751":{"start":{"line":1137,"column":8},"end":{"line":1137,"column":72}},"752":{"start":{"line":1138,"column":8},"end":{"line":1138,"column":68}},"753":{"start":{"line":1139,"column":8},"end":{"line":1139,"column":20}},"754":{"start":{"line":1141,"column":8},"end":{"line":1141,"column":33}},"755":{"start":{"line":1145,"column":27},"end":{"line":1145,"column":70}},"756":{"start":{"line":1146,"column":19},"end":{"line":1146,"column":55}},"757":{"start":{"line":1147,"column":6},"end":{"line":1160,"column":7}},"758":{"start":{"line":1148,"column":19},"end":{"line":1148,"column":47}},"759":{"start":{"line":1149,"column":8},"end":{"line":1149,"column":28}},"760":{"start":{"line":1150,"column":8},"end":{"line":1154,"column":9}},"761":{"start":{"line":1151,"column":10},"end":{"line":1151,"column":28}},"762":{"start":{"line":1153,"column":10},"end":{"line":1153,"column":69}},"763":{"start":{"line":1155,"column":8},"end":{"line":1155,"column":72}},"764":{"start":{"line":1156,"column":8},"end":{"line":1156,"column":68}},"765":{"start":{"line":1157,"column":8},"end":{"line":1157,"column":20}},"766":{"start":{"line":1159,"column":8},"end":{"line":1159,"column":33}},"767":{"start":{"line":1163,"column":20},"end":{"line":1170,"column":8}},"768":{"start":{"line":1171,"column":6},"end":{"line":1175,"column":7}},"769":{"start":{"line":1172,"column":8},"end":{"line":1172,"column":29}},"770":{"start":{"line":1174,"column":8},"end":{"line":1174,"column":67}},"771":{"start":{"line":1176,"column":6},"end":{"line":1176,"column":62}},"772":{"start":{"line":1177,"column":6},"end":{"line":1177,"column":65}},"773":{"start":{"line":1178,"column":6},"end":{"line":1178,"column":21}},"774":{"start":{"line":1181,"column":27},"end":{"line":1181,"column":70}},"775":{"start":{"line":1182,"column":17},"end":{"line":1182,"column":53}},"776":{"start":{"line":1183,"column":30},"end":{"line":1183,"column":84}},"777":{"start":{"line":1184,"column":6},"end":{"line":1201,"column":7}},"778":{"start":{"line":1185,"column":8},"end":{"line":1187,"column":9}},"779":{"start":{"line":1186,"column":10},"end":{"line":1186,"column":59}},"780":{"start":{"line":1188,"column":8},"end":{"line":1190,"column":9}},"781":{"start":{"line":1189,"column":10},"end":{"line":1189,"column":43}},"782":{"start":{"line":1191,"column":8},"end":{"line":1195,"column":9}},"783":{"start":{"line":1192,"column":10},"end":{"line":1192,"column":28}},"784":{"start":{"line":1194,"column":10},"end":{"line":1194,"column":69}},"785":{"start":{"line":1196,"column":8},"end":{"line":1196,"column":55}},"786":{"start":{"line":1197,"column":8},"end":{"line":1197,"column":68}},"787":{"start":{"line":1198,"column":8},"end":{"line":1198,"column":20}},"788":{"start":{"line":1200,"column":8},"end":{"line":1200,"column":35}},"789":{"start":{"line":1204,"column":27},"end":{"line":1204,"column":70}},"790":{"start":{"line":1205,"column":19},"end":{"line":1205,"column":55}},"791":{"start":{"line":1206,"column":19},"end":{"line":1206,"column":47}},"792":{"start":{"line":1207,"column":6},"end":{"line":1220,"column":7}},"793":{"start":{"line":1209,"column":8},"end":{"line":1209,"column":29}},"794":{"start":{"line":1210,"column":8},"end":{"line":1214,"column":9}},"795":{"start":{"line":1211,"column":10},"end":{"line":1211,"column":30}},"796":{"start":{"line":1213,"column":10},"end":{"line":1213,"column":69}},"797":{"start":{"line":1215,"column":8},"end":{"line":1215,"column":46}},"798":{"start":{"line":1216,"column":8},"end":{"line":1216,"column":70}},"799":{"start":{"line":1217,"column":8},"end":{"line":1217,"column":22}},"800":{"start":{"line":1219,"column":8},"end":{"line":1219,"column":37}},"801":{"start":{"line":1223,"column":27},"end":{"line":1223,"column":70}},"802":{"start":{"line":1224,"column":19},"end":{"line":1224,"column":55}},"803":{"start":{"line":1225,"column":19},"end":{"line":1225,"column":47}},"804":{"start":{"line":1226,"column":6},"end":{"line":1239,"column":7}},"805":{"start":{"line":1228,"column":8},"end":{"line":1228,"column":30}},"806":{"start":{"line":1229,"column":8},"end":{"line":1233,"column":9}},"807":{"start":{"line":1230,"column":10},"end":{"line":1230,"column":30}},"808":{"start":{"line":1232,"column":10},"end":{"line":1232,"column":69}},"809":{"start":{"line":1234,"column":8},"end":{"line":1234,"column":46}},"810":{"start":{"line":1235,"column":8},"end":{"line":1235,"column":70}},"811":{"start":{"line":1236,"column":8},"end":{"line":1236,"column":22}},"812":{"start":{"line":1238,"column":8},"end":{"line":1238,"column":37}},"813":{"start":{"line":1242,"column":27},"end":{"line":1242,"column":70}},"814":{"start":{"line":1243,"column":19},"end":{"line":1243,"column":55}},"815":{"start":{"line":1244,"column":21},"end":{"line":1244,"column":49}},"816":{"start":{"line":1245,"column":30},"end":{"line":1247,"column":99}},"817":{"start":{"line":1248,"column":6},"end":{"line":1259,"column":7}},"818":{"start":{"line":1249,"column":8},"end":{"line":1253,"column":9}},"819":{"start":{"line":1250,"column":10},"end":{"line":1250,"column":51}},"820":{"start":{"line":1252,"column":10},"end":{"line":1252,"column":69}},"821":{"start":{"line":1254,"column":8},"end":{"line":1254,"column":70}},"822":{"start":{"line":1255,"column":8},"end":{"line":1255,"column":62}},"823":{"start":{"line":1256,"column":8},"end":{"line":1256,"column":22}},"824":{"start":{"line":1258,"column":8},"end":{"line":1258,"column":35}},"825":{"start":{"line":1262,"column":27},"end":{"line":1262,"column":70}},"826":{"start":{"line":1263,"column":19},"end":{"line":1263,"column":55}},"827":{"start":{"line":1264,"column":6},"end":{"line":1276,"column":7}},"828":{"start":{"line":1265,"column":29},"end":{"line":1265,"column":57}},"829":{"start":{"line":1266,"column":8},"end":{"line":1271,"column":9}},"830":{"start":{"line":1267,"column":10},"end":{"line":1267,"column":39}},"831":{"start":{"line":1268,"column":10},"end":{"line":1268,"column":38}},"832":{"start":{"line":1270,"column":10},"end":{"line":1270,"column":69}},"833":{"start":{"line":1272,"column":8},"end":{"line":1272,"column":54}},"834":{"start":{"line":1273,"column":8},"end":{"line":1273,"column":30}},"835":{"start":{"line":1275,"column":8},"end":{"line":1275,"column":33}},"836":{"start":{"line":1279,"column":27},"end":{"line":1279,"column":70}},"837":{"start":{"line":1280,"column":19},"end":{"line":1280,"column":55}},"838":{"start":{"line":1281,"column":6},"end":{"line":1293,"column":7}},"839":{"start":{"line":1282,"column":31},"end":{"line":1282,"column":59}},"840":{"start":{"line":1283,"column":8},"end":{"line":1288,"column":9}},"841":{"start":{"line":1284,"column":10},"end":{"line":1284,"column":42}},"842":{"start":{"line":1285,"column":10},"end":{"line":1285,"column":40}},"843":{"start":{"line":1287,"column":10},"end":{"line":1287,"column":69}},"844":{"start":{"line":1289,"column":8},"end":{"line":1289,"column":56}},"845":{"start":{"line":1290,"column":8},"end":{"line":1290,"column":32}},"846":{"start":{"line":1292,"column":8},"end":{"line":1292,"column":33}},"847":{"start":{"line":1296,"column":27},"end":{"line":1296,"column":70}},"848":{"start":{"line":1297,"column":17},"end":{"line":1297,"column":53}},"849":{"start":{"line":1298,"column":6},"end":{"line":1309,"column":7}},"850":{"start":{"line":1299,"column":8},"end":{"line":1299,"column":48}},"851":{"start":{"line":1300,"column":8},"end":{"line":1304,"column":9}},"852":{"start":{"line":1301,"column":10},"end":{"line":1301,"column":28}},"853":{"start":{"line":1303,"column":10},"end":{"line":1303,"column":69}},"854":{"start":{"line":1305,"column":8},"end":{"line":1305,"column":68}},"855":{"start":{"line":1306,"column":8},"end":{"line":1306,"column":20}},"856":{"start":{"line":1308,"column":8},"end":{"line":1308,"column":33}},"857":{"start":{"line":1312,"column":27},"end":{"line":1312,"column":70}},"858":{"start":{"line":1313,"column":17},"end":{"line":1313,"column":53}},"859":{"start":{"line":1314,"column":6},"end":{"line":1327,"column":7}},"860":{"start":{"line":1315,"column":8},"end":{"line":1317,"column":11}},"861":{"start":{"line":1316,"column":10},"end":{"line":1316,"column":40}},"862":{"start":{"line":1316,"column":31},"end":{"line":1316,"column":40}},"863":{"start":{"line":1318,"column":8},"end":{"line":1322,"column":9}},"864":{"start":{"line":1319,"column":10},"end":{"line":1319,"column":28}},"865":{"start":{"line":1321,"column":10},"end":{"line":1321,"column":69}},"866":{"start":{"line":1323,"column":8},"end":{"line":1323,"column":68}},"867":{"start":{"line":1324,"column":8},"end":{"line":1324,"column":20}},"868":{"start":{"line":1326,"column":8},"end":{"line":1326,"column":33}},"869":{"start":{"line":1330,"column":27},"end":{"line":1330,"column":70}},"870":{"start":{"line":1331,"column":19},"end":{"line":1331,"column":55}},"871":{"start":{"line":1332,"column":6},"end":{"line":1351,"column":7}},"872":{"start":{"line":1333,"column":23},"end":{"line":1338,"column":10}},"873":{"start":{"line":1339,"column":8},"end":{"line":1343,"column":9}},"874":{"start":{"line":1340,"column":10},"end":{"line":1340,"column":32}},"875":{"start":{"line":1342,"column":10},"end":{"line":1342,"column":69}},"876":{"start":{"line":1344,"column":8},"end":{"line":1344,"column":82}},"877":{"start":{"line":1345,"column":8},"end":{"line":1345,"column":64}},"878":{"start":{"line":1346,"column":8},"end":{"line":1346,"column":26}},"879":{"start":{"line":1347,"column":8},"end":{"line":1347,"column":70}},"880":{"start":{"line":1348,"column":8},"end":{"line":1348,"column":24}},"881":{"start":{"line":1350,"column":8},"end":{"line":1350,"column":33}},"882":{"start":{"line":1354,"column":27},"end":{"line":1354,"column":70}},"883":{"start":{"line":1355,"column":19},"end":{"line":1355,"column":55}},"884":{"start":{"line":1356,"column":6},"end":{"line":1370,"column":7}},"885":{"start":{"line":1357,"column":20},"end":{"line":1357,"column":69}},"886":{"start":{"line":1358,"column":8},"end":{"line":1358,"column":49}},"887":{"start":{"line":1358,"column":24},"end":{"line":1358,"column":49}},"888":{"start":{"line":1359,"column":8},"end":{"line":1359,"column":52}},"889":{"start":{"line":1359,"column":25},"end":{"line":1359,"column":52}},"890":{"start":{"line":1360,"column":8},"end":{"line":1364,"column":9}},"891":{"start":{"line":1361,"column":10},"end":{"line":1361,"column":29}},"892":{"start":{"line":1363,"column":10},"end":{"line":1363,"column":69}},"893":{"start":{"line":1365,"column":8},"end":{"line":1365,"column":66}},"894":{"start":{"line":1366,"column":8},"end":{"line":1366,"column":71}},"895":{"start":{"line":1367,"column":8},"end":{"line":1367,"column":21}},"896":{"start":{"line":1369,"column":8},"end":{"line":1369,"column":33}},"897":{"start":{"line":1373,"column":27},"end":{"line":1373,"column":70}},"898":{"start":{"line":1374,"column":19},"end":{"line":1374,"column":55}},"899":{"start":{"line":1375,"column":6},"end":{"line":1388,"column":7}},"900":{"start":{"line":1376,"column":20},"end":{"line":1376,"column":49}},"901":{"start":{"line":1377,"column":8},"end":{"line":1377,"column":28}},"902":{"start":{"line":1378,"column":8},"end":{"line":1382,"column":9}},"903":{"start":{"line":1379,"column":10},"end":{"line":1379,"column":29}},"904":{"start":{"line":1381,"column":10},"end":{"line":1381,"column":69}},"905":{"start":{"line":1383,"column":8},"end":{"line":1383,"column":66}},"906":{"start":{"line":1384,"column":8},"end":{"line":1384,"column":71}},"907":{"start":{"line":1385,"column":8},"end":{"line":1385,"column":21}},"908":{"start":{"line":1387,"column":8},"end":{"line":1387,"column":37}},"909":{"start":{"line":1391,"column":27},"end":{"line":1391,"column":70}},"910":{"start":{"line":1392,"column":19},"end":{"line":1392,"column":55}},"911":{"start":{"line":1393,"column":6},"end":{"line":1406,"column":7}},"912":{"start":{"line":1394,"column":20},"end":{"line":1394,"column":49}},"913":{"start":{"line":1395,"column":8},"end":{"line":1395,"column":29}},"914":{"start":{"line":1396,"column":8},"end":{"line":1400,"column":9}},"915":{"start":{"line":1397,"column":10},"end":{"line":1397,"column":29}},"916":{"start":{"line":1399,"column":10},"end":{"line":1399,"column":69}},"917":{"start":{"line":1401,"column":8},"end":{"line":1401,"column":66}},"918":{"start":{"line":1402,"column":8},"end":{"line":1402,"column":71}},"919":{"start":{"line":1403,"column":8},"end":{"line":1403,"column":21}},"920":{"start":{"line":1405,"column":8},"end":{"line":1405,"column":37}},"921":{"start":{"line":1409,"column":27},"end":{"line":1409,"column":70}},"922":{"start":{"line":1410,"column":19},"end":{"line":1410,"column":55}},"923":{"start":{"line":1411,"column":6},"end":{"line":1423,"column":7}},"924":{"start":{"line":1412,"column":22},"end":{"line":1412,"column":71}},"925":{"start":{"line":1413,"column":8},"end":{"line":1417,"column":9}},"926":{"start":{"line":1414,"column":10},"end":{"line":1414,"column":52}},"927":{"start":{"line":1416,"column":10},"end":{"line":1416,"column":69}},"928":{"start":{"line":1418,"column":8},"end":{"line":1418,"column":71}},"929":{"start":{"line":1419,"column":8},"end":{"line":1419,"column":62}},"930":{"start":{"line":1420,"column":8},"end":{"line":1420,"column":21}},"931":{"start":{"line":1422,"column":8},"end":{"line":1422,"column":37}},"932":{"start":{"line":1426,"column":19},"end":{"line":1426,"column":66}},"933":{"start":{"line":1427,"column":30},"end":{"line":1429,"column":64}},"934":{"start":{"line":1430,"column":6},"end":{"line":1434,"column":7}},"935":{"start":{"line":1431,"column":8},"end":{"line":1431,"column":105}},"936":{"start":{"line":1433,"column":8},"end":{"line":1433,"column":35}},"937":{"start":{"line":1440,"column":23},"end":{"line":1440,"column":57}},"938":{"start":{"line":1443,"column":23},"end":{"line":1443,"column":59}},"939":{"start":{"line":1446,"column":23},"end":{"line":1446,"column":59}},"940":{"start":{"line":1449,"column":23},"end":{"line":1449,"column":63}},"941":{"start":{"line":1452,"column":23},"end":{"line":1452,"column":65}},"942":{"start":{"line":1455,"column":23},"end":{"line":1455,"column":65}},"943":{"start":{"line":1458,"column":23},"end":{"line":1458,"column":57}},"944":{"start":{"line":1461,"column":23},"end":{"line":1461,"column":57}},"945":{"start":{"line":1464,"column":23},"end":{"line":1464,"column":59}},"946":{"start":{"line":1467,"column":23},"end":{"line":1467,"column":59}},"947":{"start":{"line":1470,"column":23},"end":{"line":1470,"column":59}},"948":{"start":{"line":1473,"column":23},"end":{"line":1473,"column":61}},"949":{"start":{"line":1476,"column":23},"end":{"line":1476,"column":61}},"950":{"start":{"line":1479,"column":23},"end":{"line":1479,"column":59}},"951":{"start":{"line":1482,"column":23},"end":{"line":1482,"column":61}},"952":{"start":{"line":1485,"column":23},"end":{"line":1485,"column":59}},"953":{"start":{"line":1488,"column":23},"end":{"line":1488,"column":61}},"954":{"start":{"line":1491,"column":23},"end":{"line":1491,"column":57}},"955":{"start":{"line":1494,"column":23},"end":{"line":1494,"column":59}},"956":{"start":{"line":1497,"column":23},"end":{"line":1497,"column":59}},"957":{"start":{"line":1500,"column":23},"end":{"line":1500,"column":57}},"958":{"start":{"line":1503,"column":23},"end":{"line":1503,"column":59}},"959":{"start":{"line":1506,"column":23},"end":{"line":1506,"column":59}},"960":{"start":{"line":1509,"column":23},"end":{"line":1509,"column":58}},"961":{"start":{"line":1512,"column":23},"end":{"line":1512,"column":60}},"962":{"start":{"line":1515,"column":23},"end":{"line":1515,"column":60}},"963":{"start":{"line":1518,"column":23},"end":{"line":1518,"column":70}},"964":{"start":{"line":1523,"column":0},"end":{"line":1523,"column":31}}},"fnMap":{"0":{"name":"(anonymous_0)","decl":{"start":{"line":19,"column":19},"end":{"line":19,"column":20}},"loc":{"start":{"line":19,"column":35},"end":{"line":99,"column":1}},"line":19},"1":{"name":"(anonymous_1)","decl":{"start":{"line":24,"column":25},"end":{"line":24,"column":26}},"loc":{"start":{"line":25,"column":6},"end":{"line":28,"column":52}},"line":25},"2":{"name":"(anonymous_2)","decl":{"start":{"line":25,"column":22},"end":{"line":25,"column":23}},"loc":{"start":{"line":25,"column":27},"end":{"line":25,"column":47}},"line":25},"3":{"name":"(anonymous_3)","decl":{"start":{"line":26,"column":33},"end":{"line":26,"column":34}},"loc":{"start":{"line":26,"column":38},"end":{"line":26,"column":60}},"line":26},"4":{"name":"(anonymous_4)","decl":{"start":{"line":27,"column":27},"end":{"line":27,"column":28}},"loc":{"start":{"line":27,"column":32},"end":{"line":27,"column":55}},"line":27},"5":{"name":"(anonymous_5)","decl":{"start":{"line":28,"column":25},"end":{"line":28,"column":26}},"loc":{"start":{"line":28,"column":30},"end":{"line":28,"column":51}},"line":28},"6":{"name":"(anonymous_6)","decl":{"start":{"line":32,"column":25},"end":{"line":32,"column":26}},"loc":{"start":{"line":33,"column":6},"end":{"line":35,"column":56}},"line":33},"7":{"name":"(anonymous_7)","decl":{"start":{"line":33,"column":22},"end":{"line":33,"column":23}},"loc":{"start":{"line":33,"column":27},"end":{"line":33,"column":47}},"line":33},"8":{"name":"(anonymous_8)","decl":{"start":{"line":34,"column":33},"end":{"line":34,"column":34}},"loc":{"start":{"line":34,"column":38},"end":{"line":34,"column":60}},"line":34},"9":{"name":"(anonymous_9)","decl":{"start":{"line":35,"column":27},"end":{"line":35,"column":28}},"loc":{"start":{"line":35,"column":32},"end":{"line":35,"column":55}},"line":35},"10":{"name":"(anonymous_10)","decl":{"start":{"line":38,"column":25},"end":{"line":38,"column":26}},"loc":{"start":{"line":39,"column":6},"end":{"line":41,"column":52}},"line":39},"11":{"name":"(anonymous_11)","decl":{"start":{"line":39,"column":22},"end":{"line":39,"column":23}},"loc":{"start":{"line":39,"column":27},"end":{"line":39,"column":47}},"line":39},"12":{"name":"(anonymous_12)","decl":{"start":{"line":40,"column":33},"end":{"line":40,"column":34}},"loc":{"start":{"line":40,"column":38},"end":{"line":40,"column":60}},"line":40},"13":{"name":"(anonymous_13)","decl":{"start":{"line":41,"column":25},"end":{"line":41,"column":26}},"loc":{"start":{"line":41,"column":30},"end":{"line":41,"column":51}},"line":41},"14":{"name":"(anonymous_14)","decl":{"start":{"line":44,"column":25},"end":{"line":44,"column":26}},"loc":{"start":{"line":45,"column":6},"end":{"line":47,"column":52}},"line":45},"15":{"name":"(anonymous_15)","decl":{"start":{"line":45,"column":22},"end":{"line":45,"column":23}},"loc":{"start":{"line":45,"column":27},"end":{"line":45,"column":47}},"line":45},"16":{"name":"(anonymous_16)","decl":{"start":{"line":46,"column":27},"end":{"line":46,"column":28}},"loc":{"start":{"line":46,"column":32},"end":{"line":46,"column":55}},"line":46},"17":{"name":"(anonymous_17)","decl":{"start":{"line":47,"column":25},"end":{"line":47,"column":26}},"loc":{"start":{"line":47,"column":30},"end":{"line":47,"column":51}},"line":47},"18":{"name":"(anonymous_18)","decl":{"start":{"line":50,"column":25},"end":{"line":50,"column":26}},"loc":{"start":{"line":51,"column":6},"end":{"line":53,"column":52}},"line":51},"19":{"name":"(anonymous_19)","decl":{"start":{"line":51,"column":31},"end":{"line":51,"column":32}},"loc":{"start":{"line":51,"column":36},"end":{"line":51,"column":58}},"line":51},"20":{"name":"(anonymous_20)","decl":{"start":{"line":52,"column":27},"end":{"line":52,"column":28}},"loc":{"start":{"line":52,"column":32},"end":{"line":52,"column":55}},"line":52},"21":{"name":"(anonymous_21)","decl":{"start":{"line":53,"column":25},"end":{"line":53,"column":26}},"loc":{"start":{"line":53,"column":30},"end":{"line":53,"column":51}},"line":53},"22":{"name":"(anonymous_22)","decl":{"start":{"line":57,"column":25},"end":{"line":57,"column":26}},"loc":{"start":{"line":58,"column":6},"end":{"line":59,"column":61}},"line":58},"23":{"name":"(anonymous_23)","decl":{"start":{"line":58,"column":22},"end":{"line":58,"column":23}},"loc":{"start":{"line":58,"column":27},"end":{"line":58,"column":47}},"line":58},"24":{"name":"(anonymous_24)","decl":{"start":{"line":59,"column":33},"end":{"line":59,"column":34}},"loc":{"start":{"line":59,"column":38},"end":{"line":59,"column":60}},"line":59},"25":{"name":"(anonymous_25)","decl":{"start":{"line":62,"column":25},"end":{"line":62,"column":26}},"loc":{"start":{"line":63,"column":6},"end":{"line":64,"column":56}},"line":63},"26":{"name":"(anonymous_26)","decl":{"start":{"line":63,"column":22},"end":{"line":63,"column":23}},"loc":{"start":{"line":63,"column":27},"end":{"line":63,"column":47}},"line":63},"27":{"name":"(anonymous_27)","decl":{"start":{"line":64,"column":27},"end":{"line":64,"column":28}},"loc":{"start":{"line":64,"column":32},"end":{"line":64,"column":55}},"line":64},"28":{"name":"(anonymous_28)","decl":{"start":{"line":67,"column":25},"end":{"line":67,"column":26}},"loc":{"start":{"line":68,"column":6},"end":{"line":69,"column":52}},"line":68},"29":{"name":"(anonymous_29)","decl":{"start":{"line":68,"column":22},"end":{"line":68,"column":23}},"loc":{"start":{"line":68,"column":27},"end":{"line":68,"column":47}},"line":68},"30":{"name":"(anonymous_30)","decl":{"start":{"line":69,"column":25},"end":{"line":69,"column":26}},"loc":{"start":{"line":69,"column":30},"end":{"line":69,"column":51}},"line":69},"31":{"name":"(anonymous_31)","decl":{"start":{"line":72,"column":25},"end":{"line":72,"column":26}},"loc":{"start":{"line":73,"column":6},"end":{"line":74,"column":56}},"line":73},"32":{"name":"(anonymous_32)","decl":{"start":{"line":73,"column":31},"end":{"line":73,"column":32}},"loc":{"start":{"line":73,"column":36},"end":{"line":73,"column":58}},"line":73},"33":{"name":"(anonymous_33)","decl":{"start":{"line":74,"column":27},"end":{"line":74,"column":28}},"loc":{"start":{"line":74,"column":32},"end":{"line":74,"column":55}},"line":74},"34":{"name":"(anonymous_34)","decl":{"start":{"line":77,"column":25},"end":{"line":77,"column":26}},"loc":{"start":{"line":78,"column":6},"end":{"line":79,"column":52}},"line":78},"35":{"name":"(anonymous_35)","decl":{"start":{"line":78,"column":31},"end":{"line":78,"column":32}},"loc":{"start":{"line":78,"column":36},"end":{"line":78,"column":58}},"line":78},"36":{"name":"(anonymous_36)","decl":{"start":{"line":79,"column":25},"end":{"line":79,"column":26}},"loc":{"start":{"line":79,"column":30},"end":{"line":79,"column":51}},"line":79},"37":{"name":"(anonymous_37)","decl":{"start":{"line":82,"column":25},"end":{"line":82,"column":26}},"loc":{"start":{"line":83,"column":6},"end":{"line":84,"column":52}},"line":83},"38":{"name":"(anonymous_38)","decl":{"start":{"line":83,"column":25},"end":{"line":83,"column":26}},"loc":{"start":{"line":83,"column":30},"end":{"line":83,"column":53}},"line":83},"39":{"name":"(anonymous_39)","decl":{"start":{"line":84,"column":25},"end":{"line":84,"column":26}},"loc":{"start":{"line":84,"column":30},"end":{"line":84,"column":51}},"line":84},"40":{"name":"(anonymous_40)","decl":{"start":{"line":88,"column":25},"end":{"line":88,"column":26}},"loc":{"start":{"line":88,"column":33},"end":{"line":88,"column":75}},"line":88},"41":{"name":"(anonymous_41)","decl":{"start":{"line":88,"column":49},"end":{"line":88,"column":50}},"loc":{"start":{"line":88,"column":54},"end":{"line":88,"column":74}},"line":88},"42":{"name":"(anonymous_42)","decl":{"start":{"line":90,"column":25},"end":{"line":90,"column":26}},"loc":{"start":{"line":90,"column":33},"end":{"line":90,"column":86}},"line":90},"43":{"name":"(anonymous_43)","decl":{"start":{"line":90,"column":58},"end":{"line":90,"column":59}},"loc":{"start":{"line":90,"column":63},"end":{"line":90,"column":85}},"line":90},"44":{"name":"(anonymous_44)","decl":{"start":{"line":92,"column":25},"end":{"line":92,"column":26}},"loc":{"start":{"line":92,"column":33},"end":{"line":92,"column":81}},"line":92},"45":{"name":"(anonymous_45)","decl":{"start":{"line":92,"column":52},"end":{"line":92,"column":53}},"loc":{"start":{"line":92,"column":57},"end":{"line":92,"column":80}},"line":92},"46":{"name":"(anonymous_46)","decl":{"start":{"line":94,"column":25},"end":{"line":94,"column":26}},"loc":{"start":{"line":94,"column":33},"end":{"line":94,"column":77}},"line":94},"47":{"name":"(anonymous_47)","decl":{"start":{"line":94,"column":50},"end":{"line":94,"column":51}},"loc":{"start":{"line":94,"column":55},"end":{"line":94,"column":76}},"line":94},"48":{"name":"(anonymous_48)","decl":{"start":{"line":102,"column":18},"end":{"line":102,"column":19}},"loc":{"start":{"line":102,"column":34},"end":{"line":110,"column":1}},"line":102},"49":{"name":"(anonymous_49)","decl":{"start":{"line":113,"column":19},"end":{"line":113,"column":20}},"loc":{"start":{"line":113,"column":35},"end":{"line":134,"column":1}},"line":113},"50":{"name":"(anonymous_50)","decl":{"start":{"line":137,"column":19},"end":{"line":137,"column":20}},"loc":{"start":{"line":137,"column":40},"end":{"line":146,"column":1}},"line":137},"51":{"name":"(anonymous_51)","decl":{"start":{"line":141,"column":35},"end":{"line":141,"column":36}},"loc":{"start":{"line":141,"column":40},"end":{"line":141,"column":45}},"line":141},"52":{"name":"(anonymous_52)","decl":{"start":{"line":149,"column":19},"end":{"line":149,"column":20}},"loc":{"start":{"line":149,"column":35},"end":{"line":167,"column":1}},"line":149},"53":{"name":"(anonymous_53)","decl":{"start":{"line":170,"column":18},"end":{"line":170,"column":19}},"loc":{"start":{"line":170,"column":36},"end":{"line":172,"column":1}},"line":170},"54":{"name":"(anonymous_54)","decl":{"start":{"line":175,"column":20},"end":{"line":175,"column":21}},"loc":{"start":{"line":175,"column":61},"end":{"line":264,"column":1}},"line":175},"55":{"name":"(anonymous_55)","decl":{"start":{"line":265,"column":20},"end":{"line":265,"column":21}},"loc":{"start":{"line":265,"column":44},"end":{"line":307,"column":1}},"line":265},"56":{"name":"(anonymous_56)","decl":{"start":{"line":270,"column":22},"end":{"line":270,"column":23}},"loc":{"start":{"line":270,"column":27},"end":{"line":275,"column":5}},"line":270},"57":{"name":"(anonymous_57)","decl":{"start":{"line":271,"column":29},"end":{"line":271,"column":30}},"loc":{"start":{"line":271,"column":34},"end":{"line":273,"column":7}},"line":271},"58":{"name":"(anonymous_58)","decl":{"start":{"line":279,"column":22},"end":{"line":279,"column":23
[...]
4,"737":4,"738":0,"739":4,"740":4,"741":4,"742":0,"743":2,"744":2,"745":2,"746":2,"747":2,"748":2,"749":2,"750":0,"751":2,"752":2,"753":2,"754":0,"755":2,"756":2,"757":2,"758":2,"759":2,"760":2,"761":2,"762":0,"763":2,"764":2,"765":2,"766":0,"767":2,"768":2,"769":2,"770":1,"771":1,"772":1,"773":1,"774":3,"775":3,"776":3,"777":3,"778":2,"779":1,"780":2,"781":1,"782":2,"783":2,"784":0,"785":2,"786":2,"787":2,"788":1,"789":4,"790":4,"791":4,"792":4,"793":0,"794":0,"795":0,"796":0,"797":0,"798":0,"799":0,"800":4,"801":2,"802":2,"803":2,"804":2,"805":1,"806":1,"807":1,"808":0,"809":1,"810":1,"811":1,"812":1,"813":2,"814":2,"815":2,"816":2,"817":2,"818":1,"819":1,"820":0,"821":1,"822":1,"823":1,"824":1,"825":2,"826":2,"827":2,"828":1,"829":1,"830":1,"831":1,"832":0,"833":1,"834":1,"835":1,"836":2,"837":2,"838":2,"839":1,"840":1,"841":1,"842":1,"843":0,"844":1,"845":1,"846":1,"847":1,"848":1,"849":1,"850":1,"851":1,"852":1,"853":0,"854":1,"855":1,"856":0,"857":1,"858":1,"859":1,"860":1,"861":1,"862":0,"863":1,"864":1,"865":0,"866":1,"867":1,"868":0,"869":4,"870":4,"871":4,"872":4,"873":4,"874":4,"875":1,"876":3,"877":3,"878":3,"879":3,"880":3,"881":0,"882":2,"883":2,"884":2,"885":2,"886":2,"887":2,"888":2,"889":0,"890":2,"891":2,"892":1,"893":1,"894":1,"895":1,"896":0,"897":2,"898":2,"899":2,"900":1,"901":1,"902":1,"903":1,"904":0,"905":1,"906":1,"907":1,"908":1,"909":2,"910":2,"911":2,"912":1,"913":1,"914":1,"915":1,"916":0,"917":1,"918":1,"919":1,"920":1,"921":2,"922":2,"923":2,"924":1,"925":1,"926":1,"927":0,"928":1,"929":1,"930":1,"931":1,"932":127,"933":127,"934":127,"935":125,"936":2,"937":0,"938":0,"939":0,"940":0,"941":0,"942":0,"943":0,"944":0,"945":0,"946":0,"947":0,"948":0,"949":0,"950":0,"951":0,"952":0,"953":0,"954":0,"955":0,"956":0,"957":0,"958":0,"959":0,"960":0,"961":0,"962":0,"963":0,"964":1},"f":{"0":7,"1":0,"2":0,"3":0,"4":0,"5":0,"6":0,"7":0,"8":0,"9":0,"10":0,"11":0,"12":0,"13":0,"14":0,"15":0,"16":0,"17":0,"18":0,"19":0,"20":0,"21":0,"22":0,"23":0,"24":0,"25":0,"26":0,"27":0,"28":0,"29":0,"30":0,"31":0,"32":0,"33":0,"34":0,"35":0,"36":0,"37":0,"38":0,"39":0,"40":0,"41":0,"42":0,"43":0,"44":0,"45":0,"46":0,"47":0,"48":4,"49":3,"50":0,"51":0,"52":8,"53":4,"54":8,"55":9,"56":9,"57":12,"58":3,"59":4,"60":10,"61":14,"62":11,"63":16,"64":1,"65":8,"66":0,"67":0,"68":0,"69":0,"70":0,"71":0,"72":0,"73":0,"74":0,"75":0,"76":2,"77":2,"78":0,"79":0,"80":0,"81":0,"82":0,"83":0,"84":0,"85":0,"86":0,"87":0,"88":3,"89":25,"90":30,"91":60,"92":0,"93":24,"94":30,"95":12,"96":10,"97":4,"98":4,"99":10,"100":19,"101":0,"102":7,"103":9,"104":13,"105":9,"106":9,"107":9,"108":9,"109":12,"110":9,"111":10,"112":13,"113":12,"114":5,"115":2,"116":5,"117":9,"118":4,"119":3,"120":0,"121":3,"122":4,"123":4,"124":3,"125":0,"126":3,"127":4,"128":14,"129":14,"130":14,"131":14,"132":14,"133":83,"134":0,"135":14,"136":7,"137":14,"138":0,"139":16,"140":2,"141":15,"142":15,"143":15,"144":0,"145":0,"146":2,"147":4,"148":2,"149":1,"150":2,"151":0,"152":0,"153":2,"154":2,"155":6,"156":2,"157":2,"158":2,"159":4,"160":2,"161":2,"162":2,"163":1,"164":2,"165":2,"166":2,"167":2,"168":2,"169":2,"170":7,"171":4,"172":2,"173":2,"174":1,"175":1,"176":1,"177":6,"178":6,"179":2,"180":1,"181":2,"182":2,"183":2,"184":2,"185":4,"186":2,"187":4,"188":2,"189":2,"190":4,"191":6,"192":2,"193":4,"194":1,"195":4,"196":2,"197":2,"198":2,"199":3,"200":4,"201":2,"202":2,"203":2,"204":2,"205":1,"206":1,"207":1,"208":4,"209":2,"210":2,"211":2,"212":2,"213":127,"214":0,"215":0,"216":0,"217":0,"218":0,"219":0,"220":0,"221":0,"222":0,"223":0,"224":0,"225":0,"226":0,"227":0,"228":0,"229":0,"230":0,"231":0,"232":0,"233":0,"234":0,"235":0,"236":0,"237":0,"238":0,"239":0,"240":0},"b":{"0":[0,0,0,0,0,0,0,0,0,0,0,0,0,0,0,7],"1":[7,4,3,1],"2":[0,0,0,0],"3":[7,4,3],"4":[0,0,0],"5":[7,4,3],"6":[0,0,0],"7":[7,4,1],"8":[0,0,0],"9":[7,4,1],"10":[0,0,0],"11":[7,4],"12":[0,0],"13":[7,4],"14":[0,0],"15":[7,4],"16":[0,0],"17":[7,4],"18":[0,0],"19":[7,4],"20":[0,0],"21":[7,2],"22":[0,0],"23":[1,3],"24":[1,2],"25":[1,1],"26":[0,1],"27":[1,2,0],"28":[0,0],"29":[2,6],"30":[4,2],"31":[6,4],"32":[4,2],"33":[6,4],"34":[4,4],"35":[1,1,1,1,0],"36":[0,4],"37":[0,0,0,0,0],"38":[1,1,1,1,0],"39":[2,2,2,2,1],"40":[0,1,0,0,1,1,1,1,3],"41":[19,2,4],"42":[2,0],"43":[2,2],"44":[4,0],"45":[4,4],"46":[0,2],"47":[2,2,2,2],"48":[2,0],"49":[1,0],"50":[1,1],"51":[2,2],"52":[1,0],"53":[0,0],"54":[0,0],"55":[0,0],"56":[2,0],"57":[2,0],"58":[6,0],"59":[2,4],"60":[2,2],"61":[2,0],"62":[2,0],"63":[2,2],"64":[4,0],"65":[4,0],"66":[1,0],"67":[1,1],"68":[1,0],"69":[1,1],"70":[1,0],"71":[1,1],"72":[6,0],"73":[3,3],"74":[6,6],"75":[2,0],"76":[1,0],"77":[0,1],"78":[1,0],"79":[1,0],"80":[1,0],"81":[1,0],"82":[1,0],"83":[1,0],"84":[1,0],"85":[1,0],"86":[1,0],"87":[1,0],"88":[1,1],"89":[2,2],"90":[2,0],"91":[1,1],"92":[1,1],"93":[2,0],"94":[1,1],"95":[2,2],"96":[4,0],"97":[1,1],"98":[2,2],"99":[4,0],"100":[2,0],"101":[1,1],"102":[2,0],"103":[2,2],"104":[4,2],"105":[6,0],"106":[3,3],"107":[2,0],"108":[2,2],"109":[4,4],"110":[1,1],"111":[2,0],"112":[2,2],"113":[1,1],"114":[0,0],"115":[4,0],"116":[2,0],"117":[2,0],"118":[2,1],"119":[3,3],"120":[1,1],"121":[1,1],"122":[0,4],"123":[4,4,2,4,0],"124":[1,1],"125":[2,2,2,1,1],"126":[0,2],"127":[2,0],"128":[1,1],"129":[2,2],"130":[0,2],"131":[0,0],"132":[1,1],"133":[2,1,2],"134":[1,1],"135":[2,1,2],"136":[1,0],"137":[1,0],"138":[0,1],"139":[4,0],"140":[2,0],"141":[2,0],"142":[0,2],"143":[1,1],"144":[2,2,2],"145":[1,1],"146":[2,2,2],"147":[1,1],"148":[2,2],"149":[0,127],"150":[125,2],"151":[127,127]},"_coverageSchema":"43e27e138ebf9cfc5966b082cf9a028302ed4184","hash":"409f580a2958969f4cd70f6132be082394659583"}
,"/home/redfoxfinn/Projects/rff-project/backend/graphql/gql_typeDefs.js": {"path":"/home/redfoxfinn/Projects/rff-project/backend/graphql/gql_typeDefs.js","statementMap":{"0":{"start":{"line":4,"column":16},"end":{"line":4,"column":48}},"1":{"start":{"line":8,"column":17},"end":{"line":189,"column":1}},"2":{"start":{"line":191,"column":0},"end":{"line":191,"column":30}}},"fnMap":{},"branchMap":{},"s":{"0":1,"1":1,"2":1},"f":{},"b":{},"_coverageSchema":"43e27e138ebf9cfc5966b082cf9a028302ed4184","hash":"539b8beb426f7fe8606f16655b5b35917e765d78"}
,"/home/redfoxfinn/Projects/rff-project/backend/models/Comment.js": {"path":"/home/redfoxfinn/Projects/rff-project/backend/models/Comment.js","statementMap":{"0":{"start":{"line":4,"column":17},"end":{"line":4,"column":36}},"1":{"start":{"line":6,"column":22},"end":{"line":24,"column":2}},"2":{"start":{"line":26,"column":0},"end":{"line":26,"column":58}}},"fnMap":{},"branchMap":{},"s":{"0":1,"1":1,"2":1},"f":{},"b":{},"_coverageSchema":"43e27e138ebf9cfc5966b082cf9a028302ed4184","hash":"cdad9c6e67a70f7f38e1c1bf3361aac7dbc0bde0"}
,"/home/redfoxfinn/Projects/rff-project/backend/models/CookingMethod.js": {"path":"/home/redfoxfinn/Projects/rff-project/backend/models/CookingMethod.js","statementMap":{"0":{"start":{"line":4,"column":17},"end":{"line":4,"column":36}},"1":{"start":{"line":6,"column":28},"end":{"line":21,"column":2}},"2":{"start":{"line":23,"column":0},"end":{"line":23,"column":70}}},"fnMap":{},"branchMap":{},"s":{"0":1,"1":1,"2":1},"f":{},"b":{},"_coverageSchema":"43e27e138ebf9cfc5966b082cf9a028302ed4184","hash":"c8686c267fd4865b650e9bed74acc136224a9faa"}
,"/home/redfoxfinn/Projects/rff-project/backend/models/Dish.js": {"path":"/home/redfoxfinn/Projects/rff-project/backend/models/Dish.js","statementMap":{"0":{"start":{"line":4,"column":17},"end":{"line":4,"column":36}},"1":{"start":{"line":6,"column":19},"end":{"line":41,"column":2}},"2":{"start":{"line":43,"column":0},"end":{"line":43,"column":52}}},"fnMap":{},"branchMap":{},"s":{"0":1,"1":1,"2":1},"f":{},"b":{},"_coverageSchema":"43e27e138ebf9cfc5966b082cf9a028302ed4184","hash":"fd2d538b31e320f17937df21d46365b0c4e3668c"}
,"/home/redfoxfinn/Projects/rff-project/backend/models/Group.js": {"path":"/home/redfoxfinn/Projects/rff-project/backend/models/Group.js","statementMap":{"0":{"start":{"line":4,"column":17},"end":{"line":4,"column":36}},"1":{"start":{"line":6,"column":20},"end":{"line":25,"column":2}},"2":{"start":{"line":27,"column":0},"end":{"line":27,"column":54}}},"fnMap":{},"branchMap":{},"s":{"0":1,"1":1,"2":1},"f":{},"b":{},"_coverageSchema":"43e27e138ebf9cfc5966b082cf9a028302ed4184","hash":"6984bcc017f5a9aa0e9b24e77d006b6fb6e72757"}
,"/home/redfoxfinn/Projects/rff-project/backend/models/GroupList.js": {"path":"/home/redfoxfinn/Projects/rff-project/backend/models/GroupList.js","statementMap":{"0":{"start":{"line":4,"column":17},"end":{"line":4,"column":36}},"1":{"start":{"line":5,"column":13},"end":{"line":5,"column":30}},"2":{"start":{"line":7,"column":24},"end":{"line":13,"column":2}},"3":{"start":{"line":15,"column":18},"end":{"line":15,"column":66}},"4":{"start":{"line":17,"column":0},"end":{"line":17,"column":27}}},"fnMap":{},"branchMap":{},"s":{"0":1,"1":1,"2":1,"3":1,"4":1},"f":{},"b":{},"_coverageSchema":"43e27e138ebf9cfc5966b082cf9a028302ed4184","hash":"ee6ddb24a453a032f1d295d8477cd87cd8f8d50f"}
,"/home/redfoxfinn/Projects/rff-project/backend/models/Ingredient.js": {"path":"/home/redfoxfinn/Projects/rff-project/backend/models/Ingredient.js","statementMap":{"0":{"start":{"line":4,"column":17},"end":{"line":4,"column":36}},"1":{"start":{"line":6,"column":25},"end":{"line":25,"column":2}},"2":{"start":{"line":27,"column":0},"end":{"line":27,"column":64}}},"fnMap":{},"branchMap":{},"s":{"0":1,"1":1,"2":1},"f":{},"b":{},"_coverageSchema":"43e27e138ebf9cfc5966b082cf9a028302ed4184","hash":"336e1470826a8531468d474818f3576397a04325"}
,"/home/redfoxfinn/Projects/rff-project/backend/models/List.js": {"path":"/home/redfoxfinn/Projects/rff-project/backend/models/List.js","statementMap":{"0":{"start":{"line":4,"column":17},"end":{"line":4,"column":36}},"1":{"start":{"line":6,"column":16},"end":{"line":9,"column":1}},"2":{"start":{"line":11,"column":19},"end":{"line":21,"column":11}},"3":{"start":{"line":23,"column":0},"end":{"line":23,"column":52}}},"fnMap":{},"branchMap":{},"s":{"0":1,"1":1,"2":1,"3":1},"f":{},"b":{},"_coverageSchema":"43e27e138ebf9cfc5966b082cf9a028302ed4184","hash":"8ae05618de327e988fad82671b8cf2e9f67a2019"}
,"/home/redfoxfinn/Projects/rff-project/backend/models/News.js": {"path":"/home/redfoxfinn/Projects/rff-project/backend/models/News.js","statementMap":{"0":{"start":{"line":4,"column":17},"end":{"line":4,"column":36}},"1":{"start":{"line":6,"column":19},"end":{"line":20,"column":2}},"2":{"start":{"line":22,"column":0},"end":{"line":22,"column":52}}},"fnMap":{},"branchMap":{},"s":{"0":1,"1":1,"2":1},"f":{},"b":{},"_coverageSchema":"43e27e138ebf9cfc5966b082cf9a028302ed4184","hash":"e84c53de9963f181a367f03c4ecfe06a57231d4e"}
,"/home/redfoxfinn/Projects/rff-project/backend/models/PrivateList.js": {"path":"/home/redfoxfinn/Projects/rff-project/backend/models/PrivateList.js","statementMap":{"0":{"start":{"line":4,"column":17},"end":{"line":4,"column":36}},"1":{"start":{"line":5,"column":13},"end":{"line":5,"column":30}},"2":{"start":{"line":7,"column":26},"end":{"line":13,"column":2}},"3":{"start":{"line":15,"column":20},"end":{"line":15,"column":72}},"4":{"start":{"line":17,"column":0},"end":{"line":17,"column":29}}},"fnMap":{},"branchMap":{},"s":{"0":1,"1":1,"2":1,"3":1,"4":1},"f":{},"b":{},"_coverageSchema":"43e27e138ebf9cfc5966b082cf9a028302ed4184","hash":"89fee489a0ead4c547cf0c5b3993f7443f305d90"}
,"/home/redfoxfinn/Projects/rff-project/backend/models/Task.js": {"path":"/home/redfoxfinn/Projects/rff-project/backend/models/Task.js","statementMap":{"0":{"start":{"line":4,"column":17},"end":{"line":4,"column":36}},"1":{"start":{"line":6,"column":19},"end":{"line":28,"column":2}},"2":{"start":{"line":30,"column":0},"end":{"line":30,"column":52}}},"fnMap":{},"branchMap":{},"s":{"0":1,"1":1,"2":1},"f":{},"b":{},"_coverageSchema":"43e27e138ebf9cfc5966b082cf9a028302ed4184","hash":"1d7ab05ce39ea14fd0057c5ea88e96b7f5aa5e38"}
,"/home/redfoxfinn/Projects/rff-project/backend/models/User.js": {"path":"/home/redfoxfinn/Projects/rff-project/backend/models/User.js","statementMap":{"0":{"start":{"line":4,"column":17},"end":{"line":4,"column":36}},"1":{"start":{"line":6,"column":19},"end":{"line":36,"column":2}},"2":{"start":{"line":38,"column":0},"end":{"line":38,"column":52}}},"fnMap":{},"branchMap":{},"s":{"0":1,"1":1,"2":1},"f":{},"b":{},"_coverageSchema":"43e27e138ebf9cfc5966b082cf9a028302ed4184","hash":"1a048856cf8f50582c47a18ddbab9f81317342af"}
,"/home/redfoxfinn/Projects/rff-project/backend/models/modelImporter.js": {"path":"/home/redfoxfinn/Projects/rff-project/backend/models/modelImporter.js","statementMap":{"0":{"start":{"line":1,"column":19},"end":{"line":1,"column":45}},"1":{"start":{"line":2,"column":22},"end":{"line":2,"column":51}},"2":{"start":{"line":3,"column":13},"end":{"line":3,"column":33}},"3":{"start":{"line":4,"column":14},"end":{"line":4,"column":35}},"4":{"start":{"line":5,"column":18},"end":{"line":5,"column":43}},"5":{"start":{"line":6,"column":20},"end":{"line":6,"column":47}},"6":{"start":{"line":7,"column":13},"end":{"line":7,"column":33}},"7":{"start":{"line":8,"column":13},"end":{"line":8,"column":33}},"8":{"start":{"line":9,"column":16},"end":{"line":9,"column":39}},"9":{"start":{"line":10,"column":13},"end":{"line":10,"column":33}},"10":{"start":{"line":11,"column":13},"end":{"line":11,"column":33}},"11":{"start":{"line":13,"column":0},"end":{"line":15,"column":2}}},"fnMap":{},"branchMap":{},"s":{"0":1,"1":1,"2":1,"3":1,"4":1,"5":1,"6":1,"7":1,"8":1,"9":1,"10":1,"11":1},"f":{},"b":{},"_coverageSchema":"43e27e138ebf9cfc5966b082cf9a028302ed4184","hash":"186ca14cd463b659e23fa571ee1d6118f0261023"}
,"/home/redfoxfinn/Projects/rff-project/backend/utils/config.js": {"path":"/home/redfoxfinn/Projects/rff-project/backend/utils/config.js","statementMap":{"0":{"start":{"line":1,"column":0},"end":{"line":3,"column":1}},"1":{"start":{"line":2,"column":2},"end":{"line":2,"column":29}},"2":{"start":{"line":5,"column":20},"end":{"line":18,"column":1}},"3":{"start":{"line":6,"column":2},"end":{"line":17,"column":3}},"4":{"start":{"line":8,"column":4},"end":{"line":8,"column":38}},"5":{"start":{"line":10,"column":4},"end":{"line":10,"column":37}},"6":{"start":{"line":12,"column":4},"end":{"line":12,"column":38}},"7":{"start":{"line":14,"column":4},"end":{"line":14,"column":38}},"8":{"start":{"line":16,"column":4},"end":{"line":16,"column":37}},"9":{"start":{"line":20,"column":13},"end":{"line":20,"column":37}},"10":{"start":{"line":21,"column":15},"end":{"line":21,"column":33}},"11":{"start":{"line":23,"column":0},"end":{"line":25,"column":2}}},"fnMap":{"0":{"name":"(anonymous_0)","decl":{"start":{"line":5,"column":20},"end":{"line":5,"column":21}},"loc":{"start":{"line":5,"column":26},"end":{"line":18,"column":1}},"line":5}},"branchMap":{"0":{"loc":{"start":{"line":1,"column":0},"end":{"line":3,"column":1}},"type":"if","locations":[{"start":{"line":1,"column":0},"end":{"line":3,"column":1}},{"start":{"line":1,"column":0},"end":{"line":3,"column":1}}],"line":1},"1":{"loc":{"start":{"line":6,"column":2},"end":{"line":17,"column":3}},"type":"switch","locations":[{"start":{"line":7,"column":2},"end":{"line":8,"column":38}},{"start":{"line":9,"column":2},"end":{"line":10,"column":37}},{"start":{"line":11,"column":2},"end":{"line":12,"column":38}},{"start":{"line":13,"column":2},"end":{"line":14,"column":38}},{"start":{"line":15,"column":2},"end":{"line":16,"column":37}}],"line":6},"2":{"loc":{"start":{"line":20,"column":13},"end":{"line":20,"column":37}},"type":"binary-expr","locations":[{"start":{"line":20,"column":13},"end":{"line":20,"column":29}},{"start":{"line":20,"column":33},"end":{"line":20,"column":37}}],"line":20}},"s":{"0":2,"1":2,"2":2,"3":2,"4":0,"5":0,"6":2,"7":0,"8":0,"9":2,"10":2,"11":2},"f":{"0":2},"b":{"0":[2,0],"1":[0,0,2,0,0],"2":[2,2]},"_coverageSchema":"43e27e138ebf9cfc5966b082cf9a028302ed4184","hash":"b6608262f59d1af74eaeb37989362bef8cd05307"}
,"/home/redfoxfinn/Projects/rff-project/backend/utils/dbInit.js": {"path":"/home/redfoxfinn/Projects/rff-project/backend/utils/dbInit.js","statementMap":{"0":{"start":{"line":6,"column":38},"end":{"line":6,"column":72}},"1":{"start":{"line":8,"column":17},"end":{"line":81,"column":1}},"2":{"start":{"line":9,"column":12},"end":{"line":9,"column":17}},"3":{"start":{"line":10,"column":2},"end":{"line":80,"column":3}},"4":{"start":{"line":12,"column":4},"end":{"line":26,"column":5}},"5":{"start":{"line":12,"column":17},"end":{"line":12,"column":18}},"6":{"start":{"line":13,"column":16},"end":{"line":13,"column":23}},"7":{"start":{"line":14,"column":22},"end":{"line":19,"column":8}},"8":{"start":{"line":20,"column":6},"end":{"line":25,"column":7}},"9":{"start":{"line":21,"column":8},"end":{"line":21,"column":29}},"10":{"start":{"line":23,"column":8},"end":{"line":23,"column":25}},"11":{"start":{"line":24,"column":8},"end":{"line":24,"column":19}},"12":{"start":{"line":27,"column":4},"end":{"line":27,"column":16}},"13":{"start":{"line":29,"column":4},"end":{"line":43,"column":5}},"14":{"start":{"line":29,"column":17},"end":{"line":29,"column":18}},"15":{"start":{"line":30,"column":16},"end":{"line":30,"column":23}},"16":{"start":{"line":31,"column":25},"end":{"line":36,"column":8}},"17":{"start":{"line":37,"column":6},"end":{"line":42,"column":7}},"18":{"start":{"line":38,"column":8},"end":{"line":38,"column":32}},"19":{"start":{"line":40,"column":8},"end":{"line":40,"column":25}},"20":{"start":{"line":41,"column":8},"end":{"line":41,"column":19}},"21":{"start":{"line":44,"column":4},"end":{"line":44,"column":16}},"22":{"start":{"line":46,"column":4},"end":{"line":60,"column":5}},"23":{"start":{"line":46,"column":17},"end":{"line":46,"column":18}},"24":{"start":{"line":47,"column":16},"end":{"line":47,"column":23}},"25":{"start":{"line":48,"column":23},"end":{"line":53,"column":8}},"26":{"start":{"line":54,"column":6},"end":{"line":59,"column":7}},"27":{"start":{"line":55,"column":8},"end":{"line":55,"column":30}},"28":{"start":{"line":57,"column":8},"end":{"line":57,"column":25}},"29":{"start":{"line":58,"column":8},"end":{"line":58,"column":19}},"30":{"start":{"line":61,"column":4},"end":{"line":61,"column":16}},"31":{"start":{"line":63,"column":4},"end":{"line":76,"column":5}},"32":{"start":{"line":63,"column":17},"end":{"line":63,"column":18}},"33":{"start":{"line":64,"column":16},"end":{"line":64,"column":23}},"34":{"start":{"line":65,"column":24},"end":{"line":69,"column":8}},"35":{"start":{"line":70,"column":6},"end":{"line":75,"column":7}},"36":{"start":{"line":71,"column":8},"end":{"line":71,"column":31}},"37":{"start":{"line":73,"column":8},"end":{"line":73,"column":25}},"38":{"start":{"line":74,"column":8},"end":{"line":74,"column":19}},"39":{"start":{"line":77,"column":4},"end":{"line":77,"column":16}},"40":{"start":{"line":79,"column":4},"end":{"line":79,"column":15}},"41":{"start":{"line":83,"column":0},"end":{"line":83,"column":26}}},"fnMap":{"0":{"name":"(anonymous_0)","decl":{"start":{"line":8,"column":17},"end":{"line":8,"column":18}},"loc":{"start":{"line":8,"column":45},"end":{"line":81,"column":1}},"line":8}},"branchMap":{"0":{"loc":{"start":{"line":10,"column":2},"end":{"line":80,"column":3}},"type":"switch","locations":[{"start":{"line":11,"column":2},"end":{"line":27,"column":16}},{"start":{"line":28,"column":2},"end":{"line":44,"column":16}},{"start":{"line":45,"column":2},"end":{"line":61,"column":16}},{"start":{"line":62,"column":2},"end":{"line":77,"column":16}},{"start":{"line":78,"column":2},"end":{"line":79,"column":15}}],"line":10}},"s":{"0":1,"1":1,"2":4,"3":4,"4":1,"5":1,"6":10,"7":10,"8":10,"9":10,"10":0,"11":0,"12":1,"13":1,"14":1,"15":5,"16":5,"17":5,"18":5,"19":0,"20":0,"21":1,"22":1,"23":1,"24":6,"25":6,"26":6,"27":6,"28":0,"29":0,"30":1,"31":1,"32":1,"33":6,"34":6,"35":6,"36":6,"37":0,"38":0,"39":1,"40":0,"41":1},"f":{"0":4},"b":{"0":[1,1,1,1,0]},"_coverageSchema":"43e27e138ebf9cfc5966b082cf9a028302ed4184","hash":"3b356773e4085ad595a2e77bc8f7668dec37005f"}
}
